{"meta": {"format": 3, "version": "7.13.0", "timestamp": "2025-12-29T16:30:30.398954", "branch_coverage": false, "show_contexts": false}, "files": {"src/slimonnx/__init__.py": {"executed_lines": [1, 3, 4, 15, 16, 17], "summary": {"covered_lines": 5, "num_statements": 5, "percent_covered": 100.0, "percent_covered_display": "100", "missing_lines": 0, "excluded_lines": 0, "percent_statements_covered": 100.0, "percent_statements_covered_display": "100"}, "missing_lines": [], "excluded_lines": [], "functions": {"": {"executed_lines": [1, 3, 4, 15, 16, 17], "summary": {"covered_lines": 5, "num_statements": 5, "percent_covered": 100.0, "percent_covered_display": "100", "missing_lines": 0, "excluded_lines": 0, "percent_statements_covered": 100.0, "percent_statements_covered_display": "100"}, "missing_lines": [], "excluded_lines": []}}, "classes": {"": {"executed_lines": [1, 3, 4, 15, 16, 17], "summary": {"covered_lines": 5, "num_statements": 5, "percent_covered": 100.0, "percent_covered_display": "100", "missing_lines": 0, "excluded_lines": 0, "percent_statements_covered": 100.0, "percent_statements_covered_display": "100"}, "missing_lines": [], "excluded_lines": []}}}, "src/slimonnx/analyze_structure.py": {"executed_lines": [1, 3, 4, 6, 7, 10, 12, 14, 15, 16, 17, 18, 25, 46, 53, 54, 57, 58, 59, 60, 62, 63, 66, 67, 68, 69, 70, 73, 76, 79, 82, 83, 86, 104, 105, 106, 109, 110, 111, 113, 116, 127, 128, 131, 132, 134, 135, 136, 137, 138, 139, 140, 147, 148, 149, 150, 152], "summary": {"covered_lines": 56, "num_statements": 56, "percent_covered": 100.0, "percent_covered_display": "100", "missing_lines": 0, "excluded_lines": 0, "percent_statements_covered": 100.0, "percent_statements_covered_display": "100"}, "missing_lines": [], "excluded_lines": [], "functions": {"analyze_model": {"executed_lines": [46, 53, 54, 57, 58, 59, 60, 62, 63, 66, 67, 68, 69, 70, 73, 76, 79, 82, 83, 86, 104, 105, 106, 109, 110, 111, 113], "summary": {"covered_lines": 27, "num_statements": 27, "percent_covered": 100.0, "percent_covered_display": "100", "missing_lines": 0, "excluded_lines": 0, "percent_statements_covered": 100.0, "percent_statements_covered_display": "100"}, "missing_lines": [], "excluded_lines": []}, "compare_models": {"executed_lines": [127, 128, 131, 132, 134, 135, 136, 137, 138, 139, 140, 147, 148, 149, 150, 152], "summary": {"covered_lines": 16, "num_statements": 16, "percent_covered": 100.0, "percent_covered_display": "100", "missing_lines": 0, "excluded_lines": 0, "percent_statements_covered": 100.0, "percent_statements_covered_display": "100"}, "missing_lines": [], "excluded_lines": []}, "": {"executed_lines": [1, 3, 4, 6, 7, 10, 12, 14, 15, 16, 17, 18, 25, 116], "summary": {"covered_lines": 13, "num_statements": 13, "percent_covered": 100.0, "percent_covered_display": "100", "missing_lines": 0, "excluded_lines": 0, "percent_statements_covered": 100.0, "percent_statements_covered_display": "100"}, "missing_lines": [], "excluded_lines": []}}, "classes": {"": {"executed_lines": [1, 3, 4, 6, 7, 10, 12, 14, 15, 16, 17, 18, 25, 46, 53, 54, 57, 58, 59, 60, 62, 63, 66, 67, 68, 69, 70, 73, 76, 79, 82, 83, 86, 104, 105, 106, 109, 110, 111, 113, 116, 127, 128, 131, 132, 134, 135, 136, 137, 138, 139, 140, 147, 148, 149, 150, 152], "summary": {"covered_lines": 56, "num_statements": 56, "percent_covered": 100.0, "percent_covered_display": "100", "missing_lines": 0, "excluded_lines": 0, "percent_statements_covered": 100.0, "percent_statements_covered_display": "100"}, "missing_lines": [], "excluded_lines": []}}}, "src/slimonnx/configs.py": {"executed_lines": [1, 3, 4, 6, 9, 10, 11, 23, 24, 25, 26, 27, 28, 29, 30, 31, 32, 33, 34, 35, 38, 39, 42, 45, 48, 51, 54, 55, 56, 61, 62, 63, 64, 65, 66, 69, 70, 71, 76, 77, 78, 79], "summary": {"covered_lines": 38, "num_statements": 38, "percent_covered": 100.0, "percent_covered_display": "100", "missing_lines": 0, "excluded_lines": 0, "percent_statements_covered": 100.0, "percent_statements_covered_display": "100"}, "missing_lines": [], "excluded_lines": [], "functions": {"": {"executed_lines": [1, 3, 4, 6, 9, 10, 11, 23, 24, 25, 26, 27, 28, 29, 30, 31, 32, 33, 34, 35, 38, 39, 42, 45, 48, 51, 54, 55, 56, 61, 62, 63, 64, 65, 66, 69, 70, 71, 76, 77, 78, 79], "summary": {"covered_lines": 38, "num_statements": 38, "percent_covered": 100.0, "percent_covered_display": "100", "missing_lines": 0, "excluded_lines": 0, "percent_statements_covered": 100.0, "percent_statements_covered_display": "100"}, "missing_lines": [], "excluded_lines": []}}, "classes": {"OptimizationConfig": {"executed_lines": [], "summary": {"covered_lines": 0, "num_statements": 0, "percent_covered": 100.0, "percent_covered_display": "100", "missing_lines": 0, "excluded_lines": 0, "percent_statements_covered": 100.0, "percent_statements_covered_display": "100"}, "missing_lines": [], "excluded_lines": []}, "ValidationConfig": {"executed_lines": [], "summary": {"covered_lines": 0, "num_statements": 0, "percent_covered": 100.0, "percent_covered_display": "100", "missing_lines": 0, "excluded_lines": 0, "percent_statements_covered": 100.0, "percent_statements_covered_display": "100"}, "missing_lines": [], "excluded_lines": []}, "AnalysisConfig": {"executed_lines": [], "summary": {"covered_lines": 0, "num_statements": 0, "percent_covered": 100.0, "percent_covered_display": "100", "missing_lines": 0, "excluded_lines": 0, "percent_statements_covered": 100.0, "percent_statements_covered_display": "100"}, "missing_lines": [], "excluded_lines": []}, "": {"executed_lines": [1, 3, 4, 6, 9, 10, 11, 23, 24, 25, 26, 27, 28, 29, 30, 31, 32, 33, 34, 35, 38, 39, 42, 45, 48, 51, 54, 55, 56, 61, 62, 63, 64, 65, 66, 69, 70, 71, 76, 77, 78, 79], "summary": {"covered_lines": 38, "num_statements": 38, "percent_covered": 100.0, "percent_covered_display": "100", "missing_lines": 0, "excluded_lines": 0, "percent_statements_covered": 100.0, "percent_statements_covered_display": "100"}, "missing_lines": [], "excluded_lines": []}}}, "src/slimonnx/model_validate/__init__.py": {"executed_lines": [1, 3, 4, 18, 25, 30, 31, 34, 46, 48, 49, 50, 51, 53, 63, 64, 67, 75, 77], "summary": {"covered_lines": 18, "num_statements": 18, "percent_covered": 100.0, "percent_covered_display": "100", "missing_lines": 0, "excluded_lines": 0, "percent_statements_covered": 100.0, "percent_statements_covered_display": "100"}, "missing_lines": [], "excluded_lines": [], "functions": {"validate_model": {"executed_lines": [46, 48, 49, 50, 51, 53, 63, 64, 67, 75, 77], "summary": {"covered_lines": 11, "num_statements": 11, "percent_covered": 100.0, "percent_covered_display": "100", "missing_lines": 0, "excluded_lines": 0, "percent_statements_covered": 100.0, "percent_statements_covered_display": "100"}, "missing_lines": [], "excluded_lines": []}, "": {"executed_lines": [1, 3, 4, 18, 25, 30, 31, 34], "summary": {"covered_lines": 7, "num_statements": 7, "percent_covered": 100.0, "percent_covered_display": "100", "missing_lines": 0, "excluded_lines": 0, "percent_statements_covered": 100.0, "percent_statements_covered_display": "100"}, "missing_lines": [], "excluded_lines": []}}, "classes": {"": {"executed_lines": [1, 3, 4, 18, 25, 30, 31, 34, 46, 48, 49, 50, 51, 53, 63, 64, 67, 75, 77], "summary": {"covered_lines": 18, "num_statements": 18, "percent_covered": 100.0, "percent_covered_display": "100", "missing_lines": 0, "excluded_lines": 0, "percent_statements_covered": 100.0, "percent_statements_covered_display": "100"}, "missing_lines": [], "excluded_lines": []}}}, "src/slimonnx/model_validate/graph_validator.py": {"executed_lines": [1, 3, 4, 12, 15, 26, 27, 30, 31, 33, 34, 35, 36, 37, 38, 39, 40, 43, 50, 62, 63, 66, 67, 69, 81, 91, 92, 93, 95, 98, 109, 110, 111, 115, 116, 117, 125, 128, 138, 150, 162], "summary": {"covered_lines": 40, "num_statements": 41, "percent_covered": 97.5609756097561, "percent_covered_display": "98", "missing_lines": 1, "excluded_lines": 0, "percent_statements_covered": 97.5609756097561, "percent_statements_covered_display": "98"}, "missing_lines": [118], "excluded_lines": [], "functions": {"check_dead_nodes": {"executed_lines": [26, 27, 30, 31, 33, 34, 35, 36, 37, 38, 39, 40, 43], "summary": {"covered_lines": 13, "num_statements": 13, "percent_covered": 100.0, "percent_covered_display": "100", "missing_lines": 0, "excluded_lines": 0, "percent_statements_covered": 100.0, "percent_statements_covered_display": "100"}, "missing_lines": [], "excluded_lines": []}, "check_broken_connections": {"executed_lines": [62, 63, 66, 67, 69], "summary": {"covered_lines": 5, "num_statements": 5, "percent_covered": 100.0, "percent_covered_display": "100", "missing_lines": 0, "excluded_lines": 0, "percent_statements_covered": 100.0, "percent_statements_covered_display": "100"}, "missing_lines": [], "excluded_lines": []}, "check_orphan_initializers": {"executed_lines": [91, 92, 93, 95], "summary": {"covered_lines": 4, "num_statements": 4, "percent_covered": 100.0, "percent_covered_display": "100", "missing_lines": 0, "excluded_lines": 0, "percent_statements_covered": 100.0, "percent_statements_covered_display": "100"}, "missing_lines": [], "excluded_lines": []}, "check_type_consistency": {"executed_lines": [109, 110, 111, 115, 116, 117, 125], "summary": {"covered_lines": 7, "num_statements": 8, "percent_covered": 87.5, "percent_covered_display": "88", "missing_lines": 1, "excluded_lines": 0, "percent_statements_covered": 87.5, "percent_statements_covered_display": "88"}, "missing_lines": [118], "excluded_lines": []}, "check_shape_consistency": {"executed_lines": [138, 150, 162], "summary": {"covered_lines": 3, "num_statements": 3, "percent_covered": 100.0, "percent_covered_display": "100", "missing_lines": 0, "excluded_lines": 0, "percent_statements_covered": 100.0, "percent_statements_covered_display": "100"}, "missing_lines": [], "excluded_lines": []}, "": {"executed_lines": [1, 3, 4, 12, 15, 50, 81, 98, 128], "summary": {"covered_lines": 8, "num_statements": 8, "percent_covered": 100.0, "percent_covered_display": "100", "missing_lines": 0, "excluded_lines": 0, "percent_statements_covered": 100.0, "percent_statements_covered_display": "100"}, "missing_lines": [], "excluded_lines": []}}, "classes": {"": {"executed_lines": [1, 3, 4, 12, 15, 26, 27, 30, 31, 33, 34, 35, 36, 37, 38, 39, 40, 43, 50, 62, 63, 66, 67, 69, 81, 91, 92, 93, 95, 98, 109, 110, 111, 115, 116, 117, 125, 128, 138, 150, 162], "summary": {"covered_lines": 40, "num_statements": 41, "percent_covered": 97.5609756097561, "percent_covered_display": "98", "missing_lines": 1, "excluded_lines": 0, "percent_statements_covered": 97.5609756097561, "percent_statements_covered_display": "98"}, "missing_lines": [118], "excluded_lines": []}}}, "src/slimonnx/model_validate/numerical_compare.py": {"executed_lines": [1, 3, 4, 10, 11, 12, 15, 27, 29, 30, 32, 33, 34, 35, 39, 41, 44, 54, 56, 57, 59, 60, 62, 64, 66, 69, 78, 80, 81, 82, 83, 85, 86, 87, 88, 89, 90, 93, 94, 95, 99, 101, 103, 106, 108, 109, 110, 113, 125, 127, 128, 129, 131, 133, 136, 148, 149, 151, 152, 153, 154, 158, 161, 181, 182, 183, 185, 186, 187, 188, 189, 191, 192, 194, 195, 196, 197, 198, 200, 203, 225, 226, 229, 230, 232, 233, 235, 236, 237, 238, 240, 241, 242, 243, 245, 246, 247, 248, 250, 254, 255, 257, 258, 262], "summary": {"covered_lines": 103, "num_statements": 108, "percent_covered": 95.37037037037037, "percent_covered_display": "95", "missing_lines": 5, "excluded_lines": 0, "percent_statements_covered": 95.37037037037037, "percent_statements_covered_display": "95"}, "missing_lines": [104, 155, 156, 227, 260], "excluded_lines": [], "functions": {"generate_inputs_from_bounds": {"executed_lines": [27, 29, 30, 32, 33, 34, 35, 39, 41], "summary": {"covered_lines": 9, "num_statements": 9, "percent_covered": 100.0, "percent_covered_display": "100", "missing_lines": 0, "excluded_lines": 0, "percent_statements_covered": 100.0, "percent_statements_covered_display": "100"}, "missing_lines": [], "excluded_lines": []}, "run_onnx_inference": {"executed_lines": [54, 56, 57, 59, 60, 62, 64, 66], "summary": {"covered_lines": 8, "num_statements": 8, "percent_covered": 100.0, "percent_covered_display": "100", "missing_lines": 0, "excluded_lines": 0, "percent_statements_covered": 100.0, "percent_statements_covered_display": "100"}, "missing_lines": [], "excluded_lines": []}, "_load_test_inputs_from_file": {"executed_lines": [78, 80, 81, 82, 83, 85, 86, 87, 88, 89, 90, 93, 94, 95, 99, 101, 103, 106, 108, 109, 110], "summary": {"covered_lines": 21, "num_statements": 22, "percent_covered": 95.45454545454545, "percent_covered_display": "95", "missing_lines": 1, "excluded_lines": 0, "percent_statements_covered": 95.45454545454545, "percent_statements_covered_display": "95"}, "missing_lines": [104], "excluded_lines": []}, "_generate_test_inputs": {"executed_lines": [125, 127, 128, 129, 131, 133], "summary": {"covered_lines": 6, "num_statements": 6, "percent_covered": 100.0, "percent_covered_display": "100", "missing_lines": 0, "excluded_lines": 0, "percent_statements_covered": 100.0, "percent_statements_covered_display": "100"}, "missing_lines": [], "excluded_lines": []}, "_map_inputs_for_model2": {"executed_lines": [148, 149, 151, 152, 153, 154, 158], "summary": {"covered_lines": 7, "num_statements": 9, "percent_covered": 77.77777777777777, "percent_covered_display": "78", "missing_lines": 2, "excluded_lines": 0, "percent_statements_covered": 77.77777777777777, "percent_statements_covered_display": "78"}, "missing_lines": [155, 156], "excluded_lines": []}, "_compare_outputs": {"executed_lines": [181, 182, 183, 185, 186, 187, 188, 189, 191, 192, 194, 195, 196, 197, 198, 200], "summary": {"covered_lines": 16, "num_statements": 16, "percent_covered": 100.0, "percent_covered_display": "100", "missing_lines": 0, "excluded_lines": 0, "percent_statements_covered": 100.0, "percent_statements_covered_display": "100"}, "missing_lines": [], "excluded_lines": []}, "compare_model_outputs": {"executed_lines": [225, 226, 229, 230, 232, 233, 235, 236, 237, 238, 240, 241, 242, 243, 245, 246, 247, 248, 250, 254, 255, 257, 258, 262], "summary": {"covered_lines": 24, "num_statements": 26, "percent_covered": 92.3076923076923, "percent_covered_display": "92", "missing_lines": 2, "excluded_lines": 0, "percent_statements_covered": 92.3076923076923, "percent_statements_covered_display": "92"}, "missing_lines": [227, 260], "excluded_lines": []}, "": {"executed_lines": [1, 3, 4, 10, 11, 12, 15, 44, 69, 113, 136, 161, 203], "summary": {"covered_lines": 12, "num_statements": 12, "percent_covered": 100.0, "percent_covered_display": "100", "missing_lines": 0, "excluded_lines": 0, "percent_statements_covered": 100.0, "percent_statements_covered_display": "100"}, "missing_lines": [], "excluded_lines": []}}, "classes": {"": {"executed_lines": [1, 3, 4, 10, 11, 12, 15, 27, 29, 30, 32, 33, 34, 35, 39, 41, 44, 54, 56, 57, 59, 60, 62, 64, 66, 69, 78, 80, 81, 82, 83, 85, 86, 87, 88, 89, 90, 93, 94, 95, 99, 101, 103, 106, 108, 109, 110, 113, 125, 127, 128, 129, 131, 133, 136, 148, 149, 151, 152, 153, 154, 158, 161, 181, 182, 183, 185, 186, 187, 188, 189, 191, 192, 194, 195, 196, 197, 198, 200, 203, 225, 226, 229, 230, 232, 233, 235, 236, 237, 238, 240, 241, 242, 243, 245, 246, 247, 248, 250, 254, 255, 257, 258, 262], "summary": {"covered_lines": 103, "num_statements": 108, "percent_covered": 95.37037037037037, "percent_covered_display": "95", "missing_lines": 5, "excluded_lines": 0, "percent_statements_covered": 95.37037037037037, "percent_statements_covered_display": "95"}, "missing_lines": [104, 155, 156, 227, 260], "excluded_lines": []}}}, "src/slimonnx/model_validate/onnx_checker.py": {"executed_lines": [1, 3, 4, 6, 7, 10, 16, 17, 18], "summary": {"covered_lines": 8, "num_statements": 10, "percent_covered": 80.0, "percent_covered_display": "80", "missing_lines": 2, "excluded_lines": 0, "percent_statements_covered": 80.0, "percent_statements_covered_display": "80"}, "missing_lines": [22, 23], "excluded_lines": [], "functions": {"run_onnx_checker": {"executed_lines": [16, 17, 18], "summary": {"covered_lines": 3, "num_statements": 5, "percent_covered": 60.0, "percent_covered_display": "60", "missing_lines": 2, "excluded_lines": 0, "percent_statements_covered": 60.0, "percent_statements_covered_display": "60"}, "missing_lines": [22, 23], "excluded_lines": []}, "": {"executed_lines": [1, 3, 4, 6, 7, 10], "summary": {"covered_lines": 5, "num_statements": 5, "percent_covered": 100.0, "percent_covered_display": "100", "missing_lines": 0, "excluded_lines": 0, "percent_statements_covered": 100.0, "percent_statements_covered_display": "100"}, "missing_lines": [], "excluded_lines": []}}, "classes": {"": {"executed_lines": [1, 3, 4, 6, 7, 10, 16, 17, 18], "summary": {"covered_lines": 8, "num_statements": 10, "percent_covered": 80.0, "percent_covered_display": "80", "missing_lines": 2, "excluded_lines": 0, "percent_statements_covered": 80.0, "percent_statements_covered_display": "80"}, "missing_lines": [22, 23], "excluded_lines": []}}}, "src/slimonnx/model_validate/runtime_validator.py": {"executed_lines": [1, 3, 4, 6, 7, 8, 10, 11, 12, 15, 25, 26, 35, 36, 37, 38, 39, 40, 42, 49, 50, 51, 52, 53, 54, 57, 59, 67, 68, 69], "summary": {"covered_lines": 29, "num_statements": 35, "percent_covered": 82.85714285714286, "percent_covered_display": "83", "missing_lines": 6, "excluded_lines": 0, "percent_statements_covered": 82.85714285714286, "percent_statements_covered_display": "83"}, "missing_lines": [27, 28, 55, 60, 70, 71], "excluded_lines": [], "functions": {"validate_with_onnxruntime": {"executed_lines": [25, 26, 35, 36, 37, 38, 39, 40, 42, 49, 50, 51, 52, 53, 54, 57, 59, 67, 68, 69], "summary": {"covered_lines": 20, "num_statements": 26, "percent_covered": 76.92307692307692, "percent_covered_display": "77", "missing_lines": 6, "excluded_lines": 0, "percent_statements_covered": 76.92307692307692, "percent_statements_covered_display": "77"}, "missing_lines": [27, 28, 55, 60, 70, 71], "excluded_lines": []}, "": {"executed_lines": [1, 3, 4, 6, 7, 8, 10, 11, 12, 15], "summary": {"covered_lines": 9, "num_statements": 9, "percent_covered": 100.0, "percent_covered_display": "100", "missing_lines": 0, "excluded_lines": 0, "percent_statements_covered": 100.0, "percent_statements_covered_display": "100"}, "missing_lines": [], "excluded_lines": []}}, "classes": {"": {"executed_lines": [1, 3, 4, 6, 7, 8, 10, 11, 12, 15, 25, 26, 35, 36, 37, 38, 39, 40, 42, 49, 50, 51, 52, 53, 54, 57, 59, 67, 68, 69], "summary": {"covered_lines": 29, "num_statements": 35, "percent_covered": 82.85714285714286, "percent_covered_display": "83", "missing_lines": 6, "excluded_lines": 0, "percent_statements_covered": 82.85714285714286, "percent_statements_covered_display": "83"}, "missing_lines": [27, 28, 55, 60, 70, 71], "excluded_lines": []}}}, "src/slimonnx/optimize_onnx/__init__.py": {"executed_lines": [1, 3, 4, 6], "summary": {"covered_lines": 3, "num_statements": 3, "percent_covered": 100.0, "percent_covered_display": "100", "missing_lines": 0, "excluded_lines": 0, "percent_statements_covered": 100.0, "percent_statements_covered_display": "100"}, "missing_lines": [], "excluded_lines": [], "functions": {"": {"executed_lines": [1, 3, 4, 6], "summary": {"covered_lines": 3, "num_statements": 3, "percent_covered": 100.0, "percent_covered_display": "100", "missing_lines": 0, "excluded_lines": 0, "percent_statements_covered": 100.0, "percent_statements_covered_display": "100"}, "missing_lines": [], "excluded_lines": []}}, "classes": {"": {"executed_lines": [1, 3, 4, 6], "summary": {"covered_lines": 3, "num_statements": 3, "percent_covered": 100.0, "percent_covered_display": "100", "missing_lines": 0, "excluded_lines": 0, "percent_statements_covered": 100.0, "percent_statements_covered_display": "100"}, "missing_lines": [], "excluded_lines": []}}}, "src/slimonnx/optimize_onnx/_bn_conv.py": {"executed_lines": [1, 2, 4, 5, 6, 8, 17, 22, 23, 24, 25, 27, 28, 29, 31, 32, 33, 35, 38, 39, 42, 43, 45, 46, 48, 52, 56, 58, 59, 60, 61, 64, 67, 70, 71, 76, 77, 78, 80, 81, 85, 86, 87, 89, 90, 91, 92, 93, 95, 96, 97, 98, 100, 101, 102, 104, 105, 107, 108, 110, 113, 118, 119, 120, 121, 123, 124, 125, 127, 133, 140, 141, 143, 144, 146, 148, 151, 156, 157, 161, 162, 163, 165, 166, 170, 171, 172, 175, 176, 177, 178, 180, 181, 182, 183, 185, 186, 187, 189, 190, 192, 193, 195], "summary": {"covered_lines": 103, "num_statements": 108, "percent_covered": 95.37037037037037, "percent_covered_display": "95", "missing_lines": 5, "excluded_lines": 0, "percent_statements_covered": 95.37037037037037, "percent_statements_covered_display": "95"}, "missing_lines": [130, 131, 136, 137, 174], "excluded_lines": [], "functions": {"_fuse_conv_bn_or_bn_conv": {"executed_lines": [22, 23, 24, 25, 27, 28, 29, 31, 32, 33, 35, 38, 39, 42, 43, 45, 46, 48, 52, 56, 58, 59, 60, 61, 64, 67, 70, 71, 76, 77, 78, 80, 81, 85, 86, 87, 89, 90, 91, 92, 93, 95, 96, 97, 98, 100, 101, 102, 104, 105, 107, 108, 110], "summary": {"covered_lines": 53, "num_statements": 53, "percent_covered": 100.0, "percent_covered_display": "100", "missing_lines": 0, "excluded_lines": 0, "percent_statements_covered": 100.0, "percent_statements_covered_display": "100"}, "missing_lines": [], "excluded_lines": []}, "_fuse_convtranspose_bn_or_bn_convtranspose": {"executed_lines": [118, 119, 120, 121, 123, 124, 125, 127, 133, 140, 141, 143, 144, 146, 148, 151, 156, 157, 161, 162, 163, 165, 166, 170, 171, 172, 175, 176, 177, 178, 180, 181, 182, 183, 185, 186, 187, 189, 190, 192, 193, 195], "summary": {"covered_lines": 42, "num_statements": 47, "percent_covered": 89.36170212765957, "percent_covered_display": "89", "missing_lines": 5, "excluded_lines": 0, "percent_statements_covered": 89.36170212765957, "percent_statements_covered_display": "89"}, "missing_lines": [130, 131, 136, 137, 174], "excluded_lines": []}, "": {"executed_lines": [1, 2, 4, 5, 6, 8, 17, 113], "summary": {"covered_lines": 8, "num_statements": 8, "percent_covered": 100.0, "percent_covered_display": "100", "missing_lines": 0, "excluded_lines": 0, "percent_statements_covered": 100.0, "percent_statements_covered_display": "100"}, "missing_lines": [], "excluded_lines": []}}, "classes": {"": {"executed_lines": [1, 2, 4, 5, 6, 8, 17, 22, 23, 24, 25, 27, 28, 29, 31, 32, 33, 35, 38, 39, 42, 43, 45, 46, 48, 52, 56, 58, 59, 60, 61, 64, 67, 70, 71, 76, 77, 78, 80, 81, 85, 86, 87, 89, 90, 91, 92, 93, 95, 96, 97, 98, 100, 101, 102, 104, 105, 107, 108, 110, 113, 118, 119, 120, 121, 123, 124, 125, 127, 133, 140, 141, 143, 144, 146, 148, 151, 156, 157, 161, 162, 163, 165, 166, 170, 171, 172, 175, 176, 177, 178, 180, 181, 182, 183, 185, 186, 187, 189, 190, 192, 193, 195], "summary": {"covered_lines": 103, "num_statements": 108, "percent_covered": 95.37037037037037, "percent_covered_display": "95", "missing_lines": 5, "excluded_lines": 0, "percent_statements_covered": 95.37037037037037, "percent_statements_covered_display": "95"}, "missing_lines": [130, 131, 136, 137, 174], "excluded_lines": []}}}, "src/slimonnx/optimize_onnx/_bn_gemm.py": {"executed_lines": [1, 2, 8, 9, 10, 12, 20, 25, 26, 27, 28, 29, 38, 39, 41, 42, 45, 48, 51, 52, 56, 57, 59, 77, 78, 81, 82, 85, 86, 87, 88, 90, 91, 93, 94, 96, 97, 99, 100, 101, 103, 104, 105, 106, 108, 109, 112, 114, 115, 117, 120, 125, 126, 127, 128, 129, 138, 139, 140, 141, 144, 150, 155, 157, 175, 176, 177, 178, 181, 182, 185, 186, 189, 191, 192, 194, 195, 197, 198, 200, 201, 202, 203, 205, 206, 207, 209, 210, 213, 215, 216, 218, 221, 226, 227, 228, 229, 230, 236, 238, 239, 242, 245, 250, 252, 265, 266, 269, 270, 274, 275, 277, 278, 280, 281, 283, 284, 285, 286, 287, 289, 290, 292], "summary": {"covered_lines": 123, "num_statements": 125, "percent_covered": 98.4, "percent_covered_display": "98", "missing_lines": 2, "excluded_lines": 0, "percent_statements_covered": 98.4, "percent_statements_covered_display": "98"}, "missing_lines": [151, 246], "excluded_lines": [], "functions": {"_fuse_gemm_reshape_bn": {"executed_lines": [25, 26, 27, 28, 29, 38, 39, 41, 42, 45, 48, 51, 52, 56, 57, 59, 77, 78, 81, 82, 85, 86, 87, 88, 90, 91, 93, 94, 96, 97, 99, 100, 101, 103, 104, 105, 106, 108, 109, 112, 114, 115, 117], "summary": {"covered_lines": 43, "num_statements": 43, "percent_covered": 100.0, "percent_covered_display": "100", "missing_lines": 0, "excluded_lines": 0, "percent_statements_covered": 100.0, "percent_statements_covered_display": "100"}, "missing_lines": [], "excluded_lines": []}, "_fuse_bn_reshape_gemm": {"executed_lines": [125, 126, 127, 128, 129, 138, 139, 140, 141, 144, 150, 155, 157, 175, 176, 177, 178, 181, 182, 185, 186, 189, 191, 192, 194, 195, 197, 198, 200, 201, 202, 203, 205, 206, 207, 209, 210, 213, 215, 216, 218], "summary": {"covered_lines": 41, "num_statements": 42, "percent_covered": 97.61904761904762, "percent_covered_display": "98", "missing_lines": 1, "excluded_lines": 0, "percent_statements_covered": 97.61904761904762, "percent_statements_covered_display": "98"}, "missing_lines": [151], "excluded_lines": []}, "_fuse_bn_gemm": {"executed_lines": [226, 227, 228, 229, 230, 236, 238, 239, 242, 245, 250, 252, 265, 266, 269, 270, 274, 275, 277, 278, 280, 281, 283, 284, 285, 286, 287, 289, 290, 292], "summary": {"covered_lines": 30, "num_statements": 31, "percent_covered": 96.7741935483871, "percent_covered_display": "97", "missing_lines": 1, "excluded_lines": 0, "percent_statements_covered": 96.7741935483871, "percent_statements_covered_display": "97"}, "missing_lines": [246], "excluded_lines": []}, "": {"executed_lines": [1, 2, 8, 9, 10, 12, 20, 120, 221], "summary": {"covered_lines": 9, "num_statements": 9, "percent_covered": 100.0, "percent_covered_display": "100", "missing_lines": 0, "excluded_lines": 0, "percent_statements_covered": 100.0, "percent_statements_covered_display": "100"}, "missing_lines": [], "excluded_lines": []}}, "classes": {"": {"executed_lines": [1, 2, 8, 9, 10, 12, 20, 25, 26, 27, 28, 29, 38, 39, 41, 42, 45, 48, 51, 52, 56, 57, 59, 77, 78, 81, 82, 85, 86, 87, 88, 90, 91, 93, 94, 96, 97, 99, 100, 101, 103, 104, 105, 106, 108, 109, 112, 114, 115, 117, 120, 125, 126, 127, 128, 129, 138, 139, 140, 141, 144, 150, 155, 157, 175, 176, 177, 178, 181, 182, 185, 186, 189, 191, 192, 194, 195, 197, 198, 200, 201, 202, 203, 205, 206, 207, 209, 210, 213, 215, 216, 218, 221, 226, 227, 228, 229, 230, 236, 238, 239, 242, 245, 250, 252, 265, 266, 269, 270, 274, 275, 277, 278, 280, 281, 283, 284, 285, 286, 287, 289, 290, 292], "summary": {"covered_lines": 123, "num_statements": 125, "percent_covered": 98.4, "percent_covered_display": "98", "missing_lines": 2, "excluded_lines": 0, "percent_statements_covered": 98.4, "percent_statements_covered_display": "98"}, "missing_lines": [151, 246], "excluded_lines": []}}}, "src/slimonnx/optimize_onnx/_bn_transpose.py": {"executed_lines": [1, 2, 4, 5, 6, 8, 9, 10, 17, 24, 25, 26, 32, 40, 41, 42, 44, 45, 46, 47, 48, 50, 53, 71, 72, 74, 75, 77, 78, 80, 88, 106, 107, 108, 110, 111, 113, 114, 116, 123, 130, 133, 150, 151, 152, 153, 154, 155, 164, 165, 166, 168, 169, 171, 175, 176, 179, 180, 183, 185, 190, 193, 194, 196, 197, 198, 200], "summary": {"covered_lines": 67, "num_statements": 68, "percent_covered": 98.52941176470588, "percent_covered_display": "99", "missing_lines": 1, "excluded_lines": 0, "percent_statements_covered": 98.52941176470588, "percent_statements_covered_display": "99"}, "missing_lines": [186], "excluded_lines": [], "functions": {"_validate_transpose_perm": {"executed_lines": [24, 25, 26], "summary": {"covered_lines": 3, "num_statements": 3, "percent_covered": 100.0, "percent_covered_display": "100", "missing_lines": 0, "excluded_lines": 0, "percent_statements_covered": 100.0, "percent_statements_covered_display": "100"}, "missing_lines": [], "excluded_lines": []}, "_can_fuse_to_gemm": {"executed_lines": [40, 41, 42, 44, 45, 46, 47, 48, 50], "summary": {"covered_lines": 9, "num_statements": 9, "percent_covered": 100.0, "percent_covered_display": "100", "missing_lines": 0, "excluded_lines": 0, "percent_statements_covered": 100.0, "percent_statements_covered_display": "100"}, "missing_lines": [], "excluded_lines": []}, "_create_gemm_fusion": {"executed_lines": [71, 72, 74, 75, 77, 78, 80], "summary": {"covered_lines": 7, "num_statements": 7, "percent_covered": 100.0, "percent_covered_display": "100", "missing_lines": 0, "excluded_lines": 0, "percent_statements_covered": 100.0, "percent_statements_covered_display": "100"}, "missing_lines": [], "excluded_lines": []}, "_create_matmul_add_fusion": {"executed_lines": [106, 107, 108, 110, 111, 113, 114, 116, 123, 130], "summary": {"covered_lines": 10, "num_statements": 10, "percent_covered": 100.0, "percent_covered_display": "100", "missing_lines": 0, "excluded_lines": 0, "percent_statements_covered": 100.0, "percent_statements_covered_display": "100"}, "missing_lines": [], "excluded_lines": []}, "_fuse_transpose_batchnorm_transpose": {"executed_lines": [150, 151, 152, 153, 154, 155, 164, 165, 166, 168, 169, 171, 175, 176, 179, 180, 183, 185, 190, 193, 194, 196, 197, 198, 200], "summary": {"covered_lines": 25, "num_statements": 26, "percent_covered": 96.15384615384616, "percent_covered_display": "96", "missing_lines": 1, "excluded_lines": 0, "percent_statements_covered": 96.15384615384616, "percent_statements_covered_display": "96"}, "missing_lines": [186], "excluded_lines": []}, "": {"executed_lines": [1, 2, 4, 5, 6, 8, 9, 10, 17, 32, 53, 88, 133], "summary": {"covered_lines": 13, "num_statements": 13, "percent_covered": 100.0, "percent_covered_display": "100", "missing_lines": 0, "excluded_lines": 0, "percent_statements_covered": 100.0, "percent_statements_covered_display": "100"}, "missing_lines": [], "excluded_lines": []}}, "classes": {"": {"executed_lines": [1, 2, 4, 5, 6, 8, 9, 10, 17, 24, 25, 26, 32, 40, 41, 42, 44, 45, 46, 47, 48, 50, 53, 71, 72, 74, 75, 77, 78, 80, 88, 106, 107, 108, 110, 111, 113, 114, 116, 123, 130, 133, 150, 151, 152, 153, 154, 155, 164, 165, 166, 168, 169, 171, 175, 176, 179, 180, 183, 185, 190, 193, 194, 196, 197, 198, 200], "summary": {"covered_lines": 67, "num_statements": 68, "percent_covered": 98.52941176470588, "percent_covered_display": "99", "missing_lines": 1, "excluded_lines": 0, "percent_statements_covered": 98.52941176470588, "percent_statements_covered_display": "99"}, "missing_lines": [186], "excluded_lines": []}}}, "src/slimonnx/optimize_onnx/_constants.py": {"executed_lines": [1, 3, 4, 16, 20, 40, 41, 42, 45, 46, 47, 48, 51], "summary": {"covered_lines": 12, "num_statements": 12, "percent_covered": 100.0, "percent_covered_display": "100", "missing_lines": 0, "excluded_lines": 0, "percent_statements_covered": 100.0, "percent_statements_covered_display": "100"}, "missing_lines": [], "excluded_lines": [], "functions": {"": {"executed_lines": [1, 3, 4, 16, 20, 40, 41, 42, 45, 46, 47, 48, 51], "summary": {"covered_lines": 12, "num_statements": 12, "percent_covered": 100.0, "percent_covered_display": "100", "missing_lines": 0, "excluded_lines": 0, "percent_statements_covered": 100.0, "percent_statements_covered_display": "100"}, "missing_lines": [], "excluded_lines": []}}, "classes": {"": {"executed_lines": [1, 3, 4, 16, 20, 40, 41, 42, 45, 46, 47, 48, 51], "summary": {"covered_lines": 12, "num_statements": 12, "percent_covered": 100.0, "percent_covered_display": "100", "missing_lines": 0, "excluded_lines": 0, "percent_statements_covered": 100.0, "percent_statements_covered_display": "100"}, "missing_lines": [], "excluded_lines": []}}}, "src/slimonnx/optimize_onnx/_conv.py": {"executed_lines": [1, 2, 4, 5, 7, 10, 30, 31, 32, 34, 46, 57, 58, 61, 62, 65, 66, 69, 80, 81, 82, 85, 86, 94, 101, 104, 109, 110, 111, 112, 113, 114, 115, 116, 119, 125, 127, 133, 142, 143, 145, 148, 149, 150, 152, 153, 154, 156, 159, 161, 162, 163, 165, 166, 167, 169], "summary": {"covered_lines": 56, "num_statements": 57, "percent_covered": 98.24561403508773, "percent_covered_display": "98", "missing_lines": 1, "excluded_lines": 0, "percent_statements_covered": 98.24561403508773, "percent_statements_covered_display": "98"}, "missing_lines": [120], "excluded_lines": [], "functions": {"_can_simplify_conv": {"executed_lines": [30, 31, 32, 34], "summary": {"covered_lines": 4, "num_statements": 4, "percent_covered": 100.0, "percent_covered_display": "100", "missing_lines": 0, "excluded_lines": 0, "percent_statements_covered": 100.0, "percent_statements_covered_display": "100"}, "missing_lines": [], "excluded_lines": []}, "_validate_conv_simplification": {"executed_lines": [57, 58, 61, 62, 65, 66], "summary": {"covered_lines": 6, "num_statements": 6, "percent_covered": 100.0, "percent_covered_display": "100", "missing_lines": 0, "excluded_lines": 0, "percent_statements_covered": 100.0, "percent_statements_covered_display": "100"}, "missing_lines": [], "excluded_lines": []}, "_create_flatten_gemm_nodes": {"executed_lines": [80, 81, 82, 85, 86, 94, 101], "summary": {"covered_lines": 7, "num_statements": 7, "percent_covered": 100.0, "percent_covered_display": "100", "missing_lines": 0, "excluded_lines": 0, "percent_statements_covered": 100.0, "percent_statements_covered_display": "100"}, "missing_lines": [], "excluded_lines": []}, "_simplify_conv_to_flatten_gemm": {"executed_lines": [109, 110, 111, 112, 113, 114, 115, 116, 119, 125, 127, 133, 142, 143, 145, 148, 149, 150, 152, 153, 154, 156, 159, 161, 162, 163, 165, 166, 167, 169], "summary": {"covered_lines": 30, "num_statements": 31, "percent_covered": 96.7741935483871, "percent_covered_display": "97", "missing_lines": 1, "excluded_lines": 0, "percent_statements_covered": 96.7741935483871, "percent_statements_covered_display": "97"}, "missing_lines": [120], "excluded_lines": []}, "": {"executed_lines": [1, 2, 4, 5, 7, 10, 46, 69, 104], "summary": {"covered_lines": 9, "num_statements": 9, "percent_covered": 100.0, "percent_covered_display": "100", "missing_lines": 0, "excluded_lines": 0, "percent_statements_covered": 100.0, "percent_statements_covered_display": "100"}, "missing_lines": [], "excluded_lines": []}}, "classes": {"": {"executed_lines": [1, 2, 4, 5, 7, 10, 30, 31, 32, 34, 46, 57, 58, 61, 62, 65, 66, 69, 80, 81, 82, 85, 86, 94, 101, 104, 109, 110, 111, 112, 113, 114, 115, 116, 119, 125, 127, 133, 142, 143, 145, 148, 149, 150, 152, 153, 154, 156, 159, 161, 162, 163, 165, 166, 167, 169], "summary": {"covered_lines": 56, "num_statements": 57, "percent_covered": 98.24561403508773, "percent_covered_display": "98", "missing_lines": 1, "excluded_lines": 0, "percent_statements_covered": 98.24561403508773, "percent_statements_covered_display": "98"}, "missing_lines": [120], "excluded_lines": []}}}, "src/slimonnx/optimize_onnx/_cst2initer.py": {"executed_lines": [1, 2, 5, 6, 9, 12, 13, 14, 21, 23], "summary": {"covered_lines": 10, "num_statements": 14, "percent_covered": 71.42857142857143, "percent_covered_display": "71", "missing_lines": 4, "excluded_lines": 0, "percent_statements_covered": 71.42857142857143, "percent_statements_covered_display": "71"}, "missing_lines": [15, 16, 17, 19], "excluded_lines": [], "functions": {"_constant_to_initializer": {"executed_lines": [12, 13, 14, 21, 23], "summary": {"covered_lines": 5, "num_statements": 9, "percent_covered": 55.55555555555556, "percent_covered_display": "56", "missing_lines": 4, "excluded_lines": 0, "percent_statements_covered": 55.55555555555556, "percent_statements_covered_display": "56"}, "missing_lines": [15, 16, 17, 19], "excluded_lines": []}, "": {"executed_lines": [1, 2, 5, 6, 9], "summary": {"covered_lines": 5, "num_statements": 5, "percent_covered": 100.0, "percent_covered_display": "100", "missing_lines": 0, "excluded_lines": 0, "percent_statements_covered": 100.0, "percent_statements_covered_display": "100"}, "missing_lines": [], "excluded_lines": []}}, "classes": {"": {"executed_lines": [1, 2, 5, 6, 9, 12, 13, 14, 21, 23], "summary": {"covered_lines": 10, "num_statements": 14, "percent_covered": 71.42857142857143, "percent_covered_display": "71", "missing_lines": 4, "excluded_lines": 0, "percent_statements_covered": 71.42857142857143, "percent_statements_covered_display": "71"}, "missing_lines": [15, 16, 17, 19], "excluded_lines": []}}}, "src/slimonnx/optimize_onnx/_cst_op.py": {"executed_lines": [1, 2, 4, 6, 7, 8, 10, 11, 14, 28, 29, 31, 38, 40, 41, 42, 43, 70, 77, 82, 84, 85, 86, 88, 89, 90, 92, 93, 95, 98, 105, 106, 108, 109, 110, 111, 113, 116, 117, 118, 121, 131, 133, 134, 136, 138, 145, 152, 153, 154, 156, 157, 158, 159, 160, 161, 162, 163, 164, 165, 166, 167, 169, 172, 182, 187, 201, 203, 204, 206, 207, 208, 209, 211, 214, 223, 225, 226, 228, 234, 237, 247, 249, 250, 252, 253, 255, 258, 267, 269, 270, 271, 273, 274, 276, 279, 289, 291, 292, 293, 294, 295, 296, 298, 299, 300, 301, 303, 304, 305, 306, 307, 309, 310, 311, 313, 315, 317, 320, 334, 335, 338, 339, 342, 343, 346, 347, 348, 350, 351, 354, 357, 370, 371, 373, 374, 375, 377, 378, 379, 382, 383, 384, 385, 387, 388, 390, 391, 392, 393, 395, 398, 399, 400, 402, 406, 407, 411], "summary": {"covered_lines": 158, "num_statements": 191, "percent_covered": 82.72251308900523, "percent_covered_display": "83", "missing_lines": 33, "excluded_lines": 0, "percent_statements_covered": 82.72251308900523, "percent_statements_covered_display": "83"}, "missing_lines": [32, 34, 35, 36, 45, 46, 47, 48, 49, 54, 55, 60, 61, 62, 63, 66, 67, 114, 137, 140, 141, 142, 229, 230, 231, 232, 314, 336, 340, 344, 352, 380, 396], "excluded_lines": [], "functions": {"_execute_gather_slice_unsqueeze": {"executed_lines": [28, 29, 31, 38, 40, 41, 42, 43], "summary": {"covered_lines": 8, "num_statements": 25, "percent_covered": 32.0, "percent_covered_display": "32", "missing_lines": 17, "excluded_lines": 0, "percent_statements_covered": 32.0, "percent_statements_covered_display": "32"}, "missing_lines": [32, 34, 35, 36, 45, 46, 47, 48, 49, 54, 55, 60, 61, 62, 63, 66, 67], "excluded_lines": []}, "_execute_range": {"executed_lines": [77, 82, 84, 85, 86, 88, 89, 90, 92, 93, 95], "summary": {"covered_lines": 11, "num_statements": 11, "percent_covered": 100.0, "percent_covered_display": "100", "missing_lines": 0, "excluded_lines": 0, "percent_statements_covered": 100.0, "percent_statements_covered_display": "100"}, "missing_lines": [], "excluded_lines": []}, "_execute_reduce_sum": {"executed_lines": [105, 106, 108, 109, 110, 111, 113, 116, 117, 118], "summary": {"covered_lines": 10, "num_statements": 11, "percent_covered": 90.9090909090909, "percent_covered_display": "91", "missing_lines": 1, "excluded_lines": 0, "percent_statements_covered": 90.9090909090909, "percent_statements_covered_display": "91"}, "missing_lines": [114], "excluded_lines": []}, "_execute_concat": {"executed_lines": [131, 133, 134, 136, 138], "summary": {"covered_lines": 5, "num_statements": 9, "percent_covered": 55.55555555555556, "percent_covered_display": "56", "missing_lines": 4, "excluded_lines": 0, "percent_statements_covered": 55.55555555555556, "percent_statements_covered_display": "56"}, "missing_lines": [137, 140, 141, 142], "excluded_lines": []}, "_execute_binary_arithmetic": {"executed_lines": [152, 153, 154, 156, 157, 158, 159, 160, 161, 162, 163, 164, 165, 166, 167, 169], "summary": {"covered_lines": 16, "num_statements": 16, "percent_covered": 100.0, "percent_covered_display": "100", "missing_lines": 0, "excluded_lines": 0, "percent_statements_covered": 100.0, "percent_statements_covered_display": "100"}, "missing_lines": [], "excluded_lines": []}, "_can_fold_node": {"executed_lines": [182], "summary": {"covered_lines": 1, "num_statements": 1, "percent_covered": 100.0, "percent_covered_display": "100", "missing_lines": 0, "excluded_lines": 0, "percent_statements_covered": 100.0, "percent_statements_covered_display": "100"}, "missing_lines": [], "excluded_lines": []}, "_execute_shape_manipulation_ops": {"executed_lines": [201, 203, 204, 206, 207, 208, 209, 211], "summary": {"covered_lines": 8, "num_statements": 8, "percent_covered": 100.0, "percent_covered_display": "100", "missing_lines": 0, "excluded_lines": 0, "percent_statements_covered": 100.0, "percent_statements_covered_display": "100"}, "missing_lines": [], "excluded_lines": []}, "_execute_generation_ops": {"executed_lines": [223, 225, 226, 228, 234], "summary": {"covered_lines": 5, "num_statements": 9, "percent_covered": 55.55555555555556, "percent_covered_display": "56", "missing_lines": 4, "excluded_lines": 0, "percent_statements_covered": 55.55555555555556, "percent_statements_covered_display": "56"}, "missing_lines": [229, 230, 231, 232], "excluded_lines": []}, "_execute_aggregation_ops": {"executed_lines": [247, 249, 250, 252, 253, 255], "summary": {"covered_lines": 6, "num_statements": 6, "percent_covered": 100.0, "percent_covered_display": "100", "missing_lines": 0, "excluded_lines": 0, "percent_statements_covered": 100.0, "percent_statements_covered_display": "100"}, "missing_lines": [], "excluded_lines": []}, "_execute_elementwise_ops": {"executed_lines": [267, 269, 270, 271, 273, 274, 276], "summary": {"covered_lines": 7, "num_statements": 7, "percent_covered": 100.0, "percent_covered_display": "100", "missing_lines": 0, "excluded_lines": 0, "percent_statements_covered": 100.0, "percent_statements_covered_display": "100"}, "missing_lines": [], "excluded_lines": []}, "_execute_type_and_logic_ops": {"executed_lines": [289, 291, 292, 293, 294, 295, 296, 298, 299, 300, 301, 303, 304, 305, 306, 307, 309, 310, 311, 313, 315, 317], "summary": {"covered_lines": 22, "num_statements": 23, "percent_covered": 95.65217391304348, "percent_covered_display": "96", "missing_lines": 1, "excluded_lines": 0, "percent_statements_covered": 95.65217391304348, "percent_statements_covered_display": "96"}, "missing_lines": [314], "excluded_lines": []}, "_execute_constant_operation": {"executed_lines": [334, 335, 338, 339, 342, 343, 346, 347, 348, 350, 351, 354], "summary": {"covered_lines": 12, "num_statements": 16, "percent_covered": 75.0, "percent_covered_display": "75", "missing_lines": 4, "excluded_lines": 0, "percent_statements_covered": 75.0, "percent_statements_covered_display": "75"}, "missing_lines": [336, 340, 344, 352], "excluded_lines": []}, "_fuse_constant_nodes": {"executed_lines": [370, 371, 373, 374, 375, 377, 378, 379, 382, 383, 384, 385, 387, 388, 390, 391, 392, 393, 395, 398, 399, 400, 402, 406, 407, 411], "summary": {"covered_lines": 26, "num_statements": 28, "percent_covered": 92.85714285714286, "percent_covered_display": "93", "missing_lines": 2, "excluded_lines": 0, "percent_statements_covered": 92.85714285714286, "percent_statements_covered_display": "93"}, "missing_lines": [380, 396], "excluded_lines": []}, "": {"executed_lines": [1, 2, 4, 6, 7, 8, 10, 11, 14, 70, 98, 121, 145, 172, 187, 214, 237, 258, 279, 320, 357], "summary": {"covered_lines": 21, "num_statements": 21, "percent_covered": 100.0, "percent_covered_display": "100", "missing_lines": 0, "excluded_lines": 0, "percent_statements_covered": 100.0, "percent_statements_covered_display": "100"}, "missing_lines": [], "excluded_lines": []}}, "classes": {"": {"executed_lines": [1, 2, 4, 6, 7, 8, 10, 11, 14, 28, 29, 31, 38, 40, 41, 42, 43, 70, 77, 82, 84, 85, 86, 88, 89, 90, 92, 93, 95, 98, 105, 106, 108, 109, 110, 111, 113, 116, 117, 118, 121, 131, 133, 134, 136, 138, 145, 152, 153, 154, 156, 157, 158, 159, 160, 161, 162, 163, 164, 165, 166, 167, 169, 172, 182, 187, 201, 203, 204, 206, 207, 208, 209, 211, 214, 223, 225, 226, 228, 234, 237, 247, 249, 250, 252, 253, 255, 258, 267, 269, 270, 271, 273, 274, 276, 279, 289, 291, 292, 293, 294, 295, 296, 298, 299, 300, 301, 303, 304, 305, 306, 307, 309, 310, 311, 313, 315, 317, 320, 334, 335, 338, 339, 342, 343, 346, 347, 348, 350, 351, 354, 357, 370, 371, 373, 374, 375, 377, 378, 379, 382, 383, 384, 385, 387, 388, 390, 391, 392, 393, 395, 398, 399, 400, 402, 406, 407, 411], "summary": {"covered_lines": 158, "num_statements": 191, "percent_covered": 82.72251308900523, "percent_covered_display": "83", "missing_lines": 33, "excluded_lines": 0, "percent_statements_covered": 82.72251308900523, "percent_statements_covered_display": "83"}, "missing_lines": [32, 34, 35, 36, 45, 46, 47, 48, 49, 54, 55, 60, 61, 62, 63, 66, 67, 114, 137, 140, 141, 142, 229, 230, 231, 232, 314, 336, 340, 344, 352, 380, 396], "excluded_lines": []}}}, "src/slimonnx/optimize_onnx/_depthwise_conv.py": {"executed_lines": [1, 3, 4, 8, 9, 11, 19, 25, 26, 27, 28, 31, 42, 43, 45, 46, 47, 49, 50, 52, 53, 56, 57, 60, 63, 88, 89, 91, 92, 94, 95, 96, 99, 100, 104, 108, 109, 110, 113, 114, 116, 117, 119, 122, 127, 176], "summary": {"covered_lines": 45, "num_statements": 71, "percent_covered": 63.38028169014085, "percent_covered_display": "63", "missing_lines": 26, "excluded_lines": 0, "percent_statements_covered": 63.38028169014085, "percent_statements_covered_display": "63"}, "missing_lines": [130, 131, 138, 140, 141, 145, 146, 149, 150, 151, 153, 155, 156, 157, 158, 161, 162, 163, 164, 166, 167, 168, 170, 171, 173, 174], "excluded_lines": [], "functions": {"_get_conv_group_attr": {"executed_lines": [25, 26, 27, 28], "summary": {"covered_lines": 4, "num_statements": 4, "percent_covered": 100.0, "percent_covered_display": "100", "missing_lines": 0, "excluded_lines": 0, "percent_statements_covered": 100.0, "percent_statements_covered_display": "100"}, "missing_lines": [], "excluded_lines": []}, "_is_depthwise_conv": {"executed_lines": [42, 43, 45, 46, 47, 49, 50, 52, 53, 56, 57, 60], "summary": {"covered_lines": 12, "num_statements": 12, "percent_covered": 100.0, "percent_covered_display": "100", "missing_lines": 0, "excluded_lines": 0, "percent_statements_covered": 100.0, "percent_statements_covered_display": "100"}, "missing_lines": [], "excluded_lines": []}, "_fuse_depthwise_conv_bn_or_bn_depthwise_conv": {"executed_lines": [88, 89, 91, 92, 94, 95, 96, 99, 100, 104, 108, 109, 110, 113, 114, 116, 117, 119, 122, 127, 176], "summary": {"covered_lines": 21, "num_statements": 47, "percent_covered": 44.680851063829785, "percent_covered_display": "45", "missing_lines": 26, "excluded_lines": 0, "percent_statements_covered": 44.680851063829785, "percent_statements_covered_display": "45"}, "missing_lines": [130, 131, 138, 140, 141, 145, 146, 149, 150, 151, 153, 155, 156, 157, 158, 161, 162, 163, 164, 166, 167, 168, 170, 171, 173, 174], "excluded_lines": []}, "": {"executed_lines": [1, 3, 4, 8, 9, 11, 19, 31, 63], "summary": {"covered_lines": 8, "num_statements": 8, "percent_covered": 100.0, "percent_covered_display": "100", "missing_lines": 0, "excluded_lines": 0, "percent_statements_covered": 100.0, "percent_statements_covered_display": "100"}, "missing_lines": [], "excluded_lines": []}}, "classes": {"": {"executed_lines": [1, 3, 4, 8, 9, 11, 19, 25, 26, 27, 28, 31, 42, 43, 45, 46, 47, 49, 50, 52, 53, 56, 57, 60, 63, 88, 89, 91, 92, 94, 95, 96, 99, 100, 104, 108, 109, 110, 113, 114, 116, 117, 119, 122, 127, 176], "summary": {"covered_lines": 45, "num_statements": 71, "percent_covered": 63.38028169014085, "percent_covered_display": "63", "missing_lines": 26, "excluded_lines": 0, "percent_statements_covered": 63.38028169014085, "percent_statements_covered_display": "63"}, "missing_lines": [130, 131, 138, 140, 141, 145, 146, 149, 150, 151, 153, 155, 156, 157, 158, 161, 162, 163, 164, 166, 167, 168, 170, 171, 173, 174], "excluded_lines": []}}}, "src/slimonnx/optimize_onnx/_dropout.py": {"executed_lines": [1, 3, 4, 6, 9, 15, 16, 18, 19, 20, 21, 23, 24, 26, 29, 41, 42, 43, 44, 46, 47, 48, 49, 50, 51, 53, 55, 56, 57, 58, 59, 60, 62, 64, 67, 76, 77, 78, 79, 80, 81, 82, 84, 86, 89, 107, 108, 110, 112, 113, 115, 116, 119, 120, 122, 123, 124, 126], "summary": {"covered_lines": 57, "num_statements": 57, "percent_covered": 100.0, "percent_covered_display": "100", "missing_lines": 0, "excluded_lines": 0, "percent_statements_covered": 100.0, "percent_statements_covered_display": "100"}, "missing_lines": [], "excluded_lines": [], "functions": {"_build_dropout_mapping": {"executed_lines": [15, 16, 18, 19, 20, 21, 23, 24, 26], "summary": {"covered_lines": 9, "num_statements": 9, "percent_covered": 100.0, "percent_covered_display": "100", "missing_lines": 0, "excluded_lines": 0, "percent_statements_covered": 100.0, "percent_statements_covered_display": "100"}, "missing_lines": [], "excluded_lines": []}, "_update_node_inputs": {"executed_lines": [41, 42, 43, 44, 46, 47, 48, 49, 50, 51, 53, 55, 56, 57, 58, 59, 60, 62, 64], "summary": {"covered_lines": 19, "num_statements": 19, "percent_covered": 100.0, "percent_covered_display": "100", "missing_lines": 0, "excluded_lines": 0, "percent_statements_covered": 100.0, "percent_statements_covered_display": "100"}, "missing_lines": [], "excluded_lines": []}, "_update_graph_outputs": {"executed_lines": [76, 77, 78, 79, 80, 81, 82, 84, 86], "summary": {"covered_lines": 9, "num_statements": 9, "percent_covered": 100.0, "percent_covered_display": "100", "missing_lines": 0, "excluded_lines": 0, "percent_statements_covered": 100.0, "percent_statements_covered_display": "100"}, "missing_lines": [], "excluded_lines": []}, "remove_dropout": {"executed_lines": [107, 108, 110, 112, 113, 115, 116, 119, 120, 122, 123, 124, 126], "summary": {"covered_lines": 13, "num_statements": 13, "percent_covered": 100.0, "percent_covered_display": "100", "missing_lines": 0, "excluded_lines": 0, "percent_statements_covered": 100.0, "percent_statements_covered_display": "100"}, "missing_lines": [], "excluded_lines": []}, "": {"executed_lines": [1, 3, 4, 6, 9, 29, 67, 89], "summary": {"covered_lines": 7, "num_statements": 7, "percent_covered": 100.0, "percent_covered_display": "100", "missing_lines": 0, "excluded_lines": 0, "percent_statements_covered": 100.0, "percent_statements_covered_display": "100"}, "missing_lines": [], "excluded_lines": []}}, "classes": {"": {"executed_lines": [1, 3, 4, 6, 9, 15, 16, 18, 19, 20, 21, 23, 24, 26, 29, 41, 42, 43, 44, 46, 47, 48, 49, 50, 51, 53, 55, 56, 57, 58, 59, 60, 62, 64, 67, 76, 77, 78, 79, 80, 81, 82, 84, 86, 89, 107, 108, 110, 112, 113, 115, 116, 119, 120, 122, 123, 124, 126], "summary": {"covered_lines": 57, "num_statements": 57, "percent_covered": 100.0, "percent_covered_display": "100", "missing_lines": 0, "excluded_lines": 0, "percent_statements_covered": 100.0, "percent_statements_covered_display": "100"}, "missing_lines": [], "excluded_lines": []}}}, "src/slimonnx/optimize_onnx/_gemm.py": {"executed_lines": [1, 3, 4, 6, 7, 9, 10, 13, 31, 32, 34, 35, 37, 38, 40, 41, 42, 44, 45, 46, 48, 51, 65, 66, 68, 69, 71, 72, 73, 75, 76, 77, 79, 82, 97, 98, 101, 102, 104, 105, 106, 107, 109, 112, 129, 130, 132, 133, 134, 135, 137, 138, 139, 140, 141, 143, 146, 150, 154, 161, 164, 165, 166, 169, 176, 177, 180, 181, 182, 183, 185], "summary": {"covered_lines": 70, "num_statements": 70, "percent_covered": 100.0, "percent_covered_display": "100", "missing_lines": 0, "excluded_lines": 0, "percent_statements_covered": 100.0, "percent_statements_covered_display": "100"}, "missing_lines": [], "excluded_lines": [], "functions": {"_normalize_gemm_matrix_input": {"executed_lines": [31, 32, 34, 35, 37, 38, 40, 41, 42, 44, 45, 46, 48], "summary": {"covered_lines": 13, "num_statements": 13, "percent_covered": 100.0, "percent_covered_display": "100", "missing_lines": 0, "excluded_lines": 0, "percent_statements_covered": 100.0, "percent_statements_covered_display": "100"}, "missing_lines": [], "excluded_lines": []}, "_normalize_gemm_bias_input": {"executed_lines": [65, 66, 68, 69, 71, 72, 73, 75, 76, 77, 79], "summary": {"covered_lines": 11, "num_statements": 11, "percent_covered": 100.0, "percent_covered_display": "100", "missing_lines": 0, "excluded_lines": 0, "percent_statements_covered": 100.0, "percent_statements_covered_display": "100"}, "missing_lines": [], "excluded_lines": []}, "_swap_gemm_inputs_if_needed": {"executed_lines": [97, 98, 101, 102, 104, 105, 106, 107, 109], "summary": {"covered_lines": 9, "num_statements": 9, "percent_covered": 100.0, "percent_covered_display": "100", "missing_lines": 0, "excluded_lines": 0, "percent_statements_covered": 100.0, "percent_statements_covered_display": "100"}, "missing_lines": [], "excluded_lines": []}, "_simplify_gemm": {"executed_lines": [129, 130, 132, 133, 134, 135, 137, 138, 139, 140, 141, 143, 146, 150, 154, 161, 164, 165, 166, 169, 176, 177, 180, 181, 182, 183, 185], "summary": {"covered_lines": 27, "num_statements": 27, "percent_covered": 100.0, "percent_covered_display": "100", "missing_lines": 0, "excluded_lines": 0, "percent_statements_covered": 100.0, "percent_statements_covered_display": "100"}, "missing_lines": [], "excluded_lines": []}, "": {"executed_lines": [1, 3, 4, 6, 7, 9, 10, 13, 51, 82, 112], "summary": {"covered_lines": 10, "num_statements": 10, "percent_covered": 100.0, "percent_covered_display": "100", "missing_lines": 0, "excluded_lines": 0, "percent_statements_covered": 100.0, "percent_statements_covered_display": "100"}, "missing_lines": [], "excluded_lines": []}}, "classes": {"": {"executed_lines": [1, 3, 4, 6, 7, 9, 10, 13, 31, 32, 34, 35, 37, 38, 40, 41, 42, 44, 45, 46, 48, 51, 65, 66, 68, 69, 71, 72, 73, 75, 76, 77, 79, 82, 97, 98, 101, 102, 104, 105, 106, 107, 109, 112, 129, 130, 132, 133, 134, 135, 137, 138, 139, 140, 141, 143, 146, 150, 154, 161, 164, 165, 166, 169, 176, 177, 180, 181, 182, 183, 185], "summary": {"covered_lines": 70, "num_statements": 70, "percent_covered": 100.0, "percent_covered_display": "100", "missing_lines": 0, "excluded_lines": 0, "percent_statements_covered": 100.0, "percent_statements_covered_display": "100"}, "missing_lines": [], "excluded_lines": []}}}, "src/slimonnx/optimize_onnx/_gemm_gemm.py": {"executed_lines": [1, 2, 4, 5, 7, 10, 17, 18, 19, 20, 21, 22, 23, 24, 25, 28, 34, 35, 36, 37, 38, 39, 40, 43, 52, 53, 54, 55, 57, 58, 59, 61, 66, 67, 68, 70, 71, 72, 74, 75, 78, 85, 86, 88, 89, 94, 97, 102, 107, 108, 111, 112, 113, 114, 115, 118, 119, 120, 121, 122, 123, 126, 127, 128, 129, 130, 131, 132, 134, 137, 143, 144, 147, 148, 151, 152, 153, 154, 155, 157, 158, 159, 161, 162, 164, 165, 166, 168], "summary": {"covered_lines": 88, "num_statements": 92, "percent_covered": 95.65217391304348, "percent_covered_display": "96", "missing_lines": 4, "excluded_lines": 0, "percent_statements_covered": 95.65217391304348, "percent_statements_covered_display": "96"}, "missing_lines": [62, 90, 98, 103], "excluded_lines": [], "functions": {"_count_node_connections": {"executed_lines": [17, 18, 19, 20, 21, 22, 23, 24, 25], "summary": {"covered_lines": 9, "num_statements": 9, "percent_covered": 100.0, "percent_covered_display": "100", "missing_lines": 0, "excluded_lines": 0, "percent_statements_covered": 100.0, "percent_statements_covered_display": "100"}, "missing_lines": [], "excluded_lines": []}, "_filter_fusable_gemm_nodes": {"executed_lines": [34, 35, 36, 37, 38, 39, 40], "summary": {"covered_lines": 7, "num_statements": 7, "percent_covered": 100.0, "percent_covered_display": "100", "missing_lines": 0, "excluded_lines": 0, "percent_statements_covered": 100.0, "percent_statements_covered_display": "100"}, "missing_lines": [], "excluded_lines": []}, "_group_adjacent_gemm_nodes": {"executed_lines": [52, 53, 54, 55, 57, 58, 59, 61, 66, 67, 68, 70, 71, 72, 74, 75], "summary": {"covered_lines": 16, "num_statements": 17, "percent_covered": 94.11764705882354, "percent_covered_display": "94", "missing_lines": 1, "excluded_lines": 0, "percent_statements_covered": 94.11764705882354, "percent_statements_covered_display": "94"}, "missing_lines": [62], "excluded_lines": []}, "_fuse_gemm_group": {"executed_lines": [85, 86, 88, 89, 94, 97, 102, 107, 108, 111, 112, 113, 114, 115, 118, 119, 120, 121, 122, 123, 126, 127, 128, 129, 130, 131, 132, 134], "summary": {"covered_lines": 28, "num_statements": 31, "percent_covered": 90.3225806451613, "percent_covered_display": "90", "missing_lines": 3, "excluded_lines": 0, "percent_statements_covered": 90.3225806451613, "percent_statements_covered_display": "90"}, "missing_lines": [90, 98, 103], "excluded_lines": []}, "_fuse_gemm_gemm": {"executed_lines": [143, 144, 147, 148, 151, 152, 153, 154, 155, 157, 158, 159, 161, 162, 164, 165, 166, 168], "summary": {"covered_lines": 18, "num_statements": 18, "percent_covered": 100.0, "percent_covered_display": "100", "missing_lines": 0, "excluded_lines": 0, "percent_statements_covered": 100.0, "percent_statements_covered_display": "100"}, "missing_lines": [], "excluded_lines": []}, "": {"executed_lines": [1, 2, 4, 5, 7, 10, 28, 43, 78, 137], "summary": {"covered_lines": 10, "num_statements": 10, "percent_covered": 100.0, "percent_covered_display": "100", "missing_lines": 0, "excluded_lines": 0, "percent_statements_covered": 100.0, "percent_statements_covered_display": "100"}, "missing_lines": [], "excluded_lines": []}}, "classes": {"": {"executed_lines": [1, 2, 4, 5, 7, 10, 17, 18, 19, 20, 21, 22, 23, 24, 25, 28, 34, 35, 36, 37, 38, 39, 40, 43, 52, 53, 54, 55, 57, 58, 59, 61, 66, 67, 68, 70, 71, 72, 74, 75, 78, 85, 86, 88, 89, 94, 97, 102, 107, 108, 111, 112, 113, 114, 115, 118, 119, 120, 121, 122, 123, 126, 127, 128, 129, 130, 131, 132, 134, 137, 143, 144, 147, 148, 151, 152, 153, 154, 155, 157, 158, 159, 161, 162, 164, 165, 166, 168], "summary": {"covered_lines": 88, "num_statements": 92, "percent_covered": 95.65217391304348, "percent_covered_display": "96", "missing_lines": 4, "excluded_lines": 0, "percent_statements_covered": 95.65217391304348, "percent_statements_covered_display": "96"}, "missing_lines": [62, 90, 98, 103], "excluded_lines": []}}}, "src/slimonnx/optimize_onnx/_mm_add.py": {"executed_lines": [1, 2, 4, 5, 7, 10, 20, 25, 28, 31, 49, 50, 51, 53, 54, 55, 58, 59, 60, 62, 63, 64, 65, 66, 68, 71, 88, 89, 90, 91, 92, 100, 101, 105, 109, 110, 111, 116, 118, 119, 121], "summary": {"covered_lines": 41, "num_statements": 41, "percent_covered": 100.0, "percent_covered_display": "100", "missing_lines": 0, "excluded_lines": 0, "percent_statements_covered": 100.0, "percent_statements_covered_display": "100"}, "missing_lines": [], "excluded_lines": [], "functions": {"_extract_matmul_add_params": {"executed_lines": [20, 25, 28], "summary": {"covered_lines": 3, "num_statements": 3, "percent_covered": 100.0, "percent_covered_display": "100", "missing_lines": 0, "excluded_lines": 0, "percent_statements_covered": 100.0, "percent_statements_covered_display": "100"}, "missing_lines": [], "excluded_lines": []}, "_can_fuse_to_gemm_matmul_add": {"executed_lines": [49, 50, 51, 53, 54, 55, 58, 59, 60, 62, 63, 64, 65, 66, 68], "summary": {"covered_lines": 15, "num_statements": 15, "percent_covered": 100.0, "percent_covered_display": "100", "missing_lines": 0, "excluded_lines": 0, "percent_statements_covered": 100.0, "percent_statements_covered_display": "100"}, "missing_lines": [], "excluded_lines": []}, "_fuse_matmul_add": {"executed_lines": [88, 89, 90, 91, 92, 100, 101, 105, 109, 110, 111, 116, 118, 119, 121], "summary": {"covered_lines": 15, "num_statements": 15, "percent_covered": 100.0, "percent_covered_display": "100", "missing_lines": 0, "excluded_lines": 0, "percent_statements_covered": 100.0, "percent_statements_covered_display": "100"}, "missing_lines": [], "excluded_lines": []}, "": {"executed_lines": [1, 2, 4, 5, 7, 10, 31, 71], "summary": {"covered_lines": 8, "num_statements": 8, "percent_covered": 100.0, "percent_covered_display": "100", "missing_lines": 0, "excluded_lines": 0, "percent_statements_covered": 100.0, "percent_statements_covered_display": "100"}, "missing_lines": [], "excluded_lines": []}}, "classes": {"": {"executed_lines": [1, 2, 4, 5, 7, 10, 20, 25, 28, 31, 49, 50, 51, 53, 54, 55, 58, 59, 60, 62, 63, 64, 65, 66, 68, 71, 88, 89, 90, 91, 92, 100, 101, 105, 109, 110, 111, 116, 118, 119, 121], "summary": {"covered_lines": 41, "num_statements": 41, "percent_covered": 100.0, "percent_covered_display": "100", "missing_lines": 0, "excluded_lines": 0, "percent_statements_covered": 100.0, "percent_statements_covered_display": "100"}, "missing_lines": [], "excluded_lines": []}}}, "src/slimonnx/optimize_onnx/_name.py": {"executed_lines": [1, 2, 4, 5, 8, 20, 21, 23, 24, 25, 26, 27, 29, 30, 31, 32, 33, 34, 36, 39, 53, 55, 56, 57, 58, 60, 61, 62, 63, 65, 66, 67, 69, 71, 74, 82, 83, 84, 85, 86, 88, 89, 92, 101, 102, 104, 105, 106, 107, 108, 110, 111, 112, 113, 115, 118, 125, 129, 130, 131, 133], "summary": {"covered_lines": 61, "num_statements": 61, "percent_covered": 100.0, "percent_covered_display": "100", "missing_lines": 0, "excluded_lines": 0, "percent_statements_covered": 100.0, "percent_statements_covered_display": "100"}, "missing_lines": [], "excluded_lines": [], "functions": {"_rename_io_nodes": {"executed_lines": [20, 21, 23, 24, 25, 26, 27, 29, 30, 31, 32, 33, 34, 36], "summary": {"covered_lines": 14, "num_statements": 14, "percent_covered": 100.0, "percent_covered_display": "100", "missing_lines": 0, "excluded_lines": 0, "percent_statements_covered": 100.0, "percent_statements_covered_display": "100"}, "missing_lines": [], "excluded_lines": []}, "_update_node_output_names": {"executed_lines": [53, 55, 56, 57, 58, 60, 61, 62, 63, 65, 66, 67, 69, 71], "summary": {"covered_lines": 14, "num_statements": 14, "percent_covered": 100.0, "percent_covered_display": "100", "missing_lines": 0, "excluded_lines": 0, "percent_statements_covered": 100.0, "percent_statements_covered_display": "100"}, "missing_lines": [], "excluded_lines": []}, "_update_node_input_names": {"executed_lines": [82, 83, 84, 85, 86, 88, 89], "summary": {"covered_lines": 7, "num_statements": 7, "percent_covered": 100.0, "percent_covered_display": "100", "missing_lines": 0, "excluded_lines": 0, "percent_statements_covered": 100.0, "percent_statements_covered_display": "100"}, "missing_lines": [], "excluded_lines": []}, "_rename_initializers": {"executed_lines": [101, 102, 104, 105, 106, 107, 108, 110, 111, 112, 113, 115], "summary": {"covered_lines": 12, "num_statements": 12, "percent_covered": 100.0, "percent_covered_display": "100", "missing_lines": 0, "excluded_lines": 0, "percent_statements_covered": 100.0, "percent_statements_covered_display": "100"}, "missing_lines": [], "excluded_lines": []}, "_simplify_names": {"executed_lines": [125, 129, 130, 131, 133], "summary": {"covered_lines": 5, "num_statements": 5, "percent_covered": 100.0, "percent_covered_display": "100", "missing_lines": 0, "excluded_lines": 0, "percent_statements_covered": 100.0, "percent_statements_covered_display": "100"}, "missing_lines": [], "excluded_lines": []}, "": {"executed_lines": [1, 2, 4, 5, 8, 39, 74, 92, 118], "summary": {"covered_lines": 9, "num_statements": 9, "percent_covered": 100.0, "percent_covered_display": "100", "missing_lines": 0, "excluded_lines": 0, "percent_statements_covered": 100.0, "percent_statements_covered_display": "100"}, "missing_lines": [], "excluded_lines": []}}, "classes": {"": {"executed_lines": [1, 2, 4, 5, 8, 20, 21, 23, 24, 25, 26, 27, 29, 30, 31, 32, 33, 34, 36, 39, 53, 55, 56, 57, 58, 60, 61, 62, 63, 65, 66, 67, 69, 71, 74, 82, 83, 84, 85, 86, 88, 89, 92, 101, 102, 104, 105, 106, 107, 108, 110, 111, 112, 113, 115, 118, 125, 129, 130, 131, 133], "summary": {"covered_lines": 61, "num_statements": 61, "percent_covered": 100.0, "percent_covered_display": "100", "missing_lines": 0, "excluded_lines": 0, "percent_statements_covered": 100.0, "percent_statements_covered_display": "100"}, "missing_lines": [], "excluded_lines": []}}}, "src/slimonnx/optimize_onnx/_onnx_attrs.py": {"executed_lines": [1, 3, 4, 6, 7, 9, 10, 13, 29, 37, 38, 39, 40, 44, 45, 48, 54, 55, 56, 57, 62, 70, 71, 72, 73, 74, 75, 76, 77, 80, 87, 88, 91, 93, 94, 95, 98, 101, 103, 115, 116, 117, 118, 119, 120, 123, 125, 126, 127, 130, 131, 132, 135, 137, 138, 139, 140, 141, 142, 145, 147, 148, 149, 150, 153, 155, 166, 168, 169, 170, 172, 173, 174, 177, 179, 182, 186, 199, 200, 201, 203, 204, 205, 207, 208, 209, 210, 211, 214, 218, 219, 220, 221, 224, 232, 233, 235, 238, 240, 252, 253, 254, 255, 256, 257, 258, 260, 261, 262, 265, 273, 274, 275, 276, 280, 282, 285, 287, 288, 289, 290, 293, 295, 311, 313, 316, 320, 321, 322, 323, 326, 328, 329, 330, 331, 334, 336, 337, 338, 339, 340, 341, 344, 346, 347, 348, 349, 352, 386, 394, 395, 396, 397], "summary": {"covered_lines": 152, "num_statements": 153, "percent_covered": 99.34640522875817, "percent_covered_display": "99", "missing_lines": 1, "excluded_lines": 0, "percent_statements_covered": 99.34640522875817, "percent_statements_covered_display": "99"}, "missing_lines": [41], "excluded_lines": [], "functions": {"scan_attrs": {"executed_lines": [37, 38, 39, 40, 44, 45], "summary": {"covered_lines": 6, "num_statements": 7, "percent_covered": 85.71428571428571, "percent_covered_display": "86", "missing_lines": 1, "excluded_lines": 0, "percent_statements_covered": 85.71428571428571, "percent_statements_covered_display": "86"}, "missing_lines": [41], "excluded_lines": []}, "check_pads_symmetric": {"executed_lines": [54, 55, 56, 57], "summary": {"covered_lines": 4, "num_statements": 4, "percent_covered": 100.0, "percent_covered_display": "100", "missing_lines": 0, "excluded_lines": 0, "percent_statements_covered": 100.0, "percent_statements_covered_display": "100"}, "missing_lines": [], "excluded_lines": []}, "infer_kernel_defaults": {"executed_lines": [70, 71, 72, 73, 74, 75, 76, 77], "summary": {"covered_lines": 8, "num_statements": 8, "percent_covered": 100.0, "percent_covered_display": "100", "missing_lines": 0, "excluded_lines": 0, "percent_statements_covered": 100.0, "percent_statements_covered_display": "100"}, "missing_lines": [], "excluded_lines": []}, "validate_auto_pad": {"executed_lines": [87, 88], "summary": {"covered_lines": 2, "num_statements": 2, "percent_covered": 100.0, "percent_covered_display": "100", "missing_lines": 0, "excluded_lines": 0, "percent_statements_covered": 100.0, "percent_statements_covered_display": "100"}, "missing_lines": [], "excluded_lines": []}, "get_attrs_argmax": {"executed_lines": [93, 94, 95, 98], "summary": {"covered_lines": 4, "num_statements": 4, "percent_covered": 100.0, "percent_covered_display": "100", "missing_lines": 0, "excluded_lines": 0, "percent_statements_covered": 100.0, "percent_statements_covered_display": "100"}, "missing_lines": [], "excluded_lines": []}, "get_attrs_avgpool": {"executed_lines": [103, 115, 116, 117, 118, 119, 120], "summary": {"covered_lines": 7, "num_statements": 7, "percent_covered": 100.0, "percent_covered_display": "100", "missing_lines": 0, "excluded_lines": 0, "percent_statements_covered": 100.0, "percent_statements_covered_display": "100"}, "missing_lines": [], "excluded_lines": []}, "get_attrs_batchnorm": {"executed_lines": [125, 126, 127, 130, 131, 132], "summary": {"covered_lines": 6, "num_statements": 6, "percent_covered": 100.0, "percent_covered_display": "100", "missing_lines": 0, "excluded_lines": 0, "percent_statements_covered": 100.0, "percent_statements_covered_display": "100"}, "missing_lines": [], "excluded_lines": []}, "get_attrs_cast": {"executed_lines": [137, 138, 139, 140, 141, 142], "summary": {"covered_lines": 6, "num_statements": 6, "percent_covered": 100.0, "percent_covered_display": "100", "missing_lines": 0, "excluded_lines": 0, "percent_statements_covered": 100.0, "percent_statements_covered_display": "100"}, "missing_lines": [], "excluded_lines": []}, "get_attrs_concat": {"executed_lines": [147, 148, 149, 150], "summary": {"covered_lines": 4, "num_statements": 4, "percent_covered": 100.0, "percent_covered_display": "100", "missing_lines": 0, "excluded_lines": 0, "percent_statements_covered": 100.0, "percent_statements_covered_display": "100"}, "missing_lines": [], "excluded_lines": []}, "get_attrs_conv": {"executed_lines": [155, 166, 168, 169, 170, 172, 173, 174], "summary": {"covered_lines": 8, "num_statements": 8, "percent_covered": 100.0, "percent_covered_display": "100", "missing_lines": 0, "excluded_lines": 0, "percent_statements_covered": 100.0, "percent_statements_covered_display": "100"}, "missing_lines": [], "excluded_lines": []}, "get_attrs_constant": {"executed_lines": [179], "summary": {"covered_lines": 1, "num_statements": 1, "percent_covered": 100.0, "percent_covered_display": "100", "missing_lines": 0, "excluded_lines": 0, "percent_statements_covered": 100.0, "percent_statements_covered_display": "100"}, "missing_lines": [], "excluded_lines": []}, "get_attrs_convtranspose": {"executed_lines": [186, 199, 200, 201, 203, 204, 205, 207, 208, 209, 210, 211], "summary": {"covered_lines": 12, "num_statements": 12, "percent_covered": 100.0, "percent_covered_display": "100", "missing_lines": 0, "excluded_lines": 0, "percent_statements_covered": 100.0, "percent_statements_covered_display": "100"}, "missing_lines": [], "excluded_lines": []}, "get_attrs_constantofshape": {"executed_lines": [218, 219, 220, 221], "summary": {"covered_lines": 4, "num_statements": 4, "percent_covered": 100.0, "percent_covered_display": "100", "missing_lines": 0, "excluded_lines": 0, "percent_statements_covered": 100.0, "percent_statements_covered_display": "100"}, "missing_lines": [], "excluded_lines": []}, "get_attrs_simple": {"executed_lines": [232, 235], "summary": {"covered_lines": 2, "num_statements": 2, "percent_covered": 100.0, "percent_covered_display": "100", "missing_lines": 0, "excluded_lines": 0, "percent_statements_covered": 100.0, "percent_statements_covered_display": "100"}, "missing_lines": [], "excluded_lines": []}, "get_attrs_simple.extractor": {"executed_lines": [233], "summary": {"covered_lines": 1, "num_statements": 1, "percent_covered": 100.0, "percent_covered_display": "100", "missing_lines": 0, "excluded_lines": 0, "percent_statements_covered": 100.0, "percent_statements_covered_display": "100"}, "missing_lines": [], "excluded_lines": []}, "get_attrs_maxpool": {"executed_lines": [240, 252, 253, 254, 255, 256, 257, 258, 260, 261, 262], "summary": {"covered_lines": 11, "num_statements": 11, "percent_covered": 100.0, "percent_covered_display": "100", "missing_lines": 0, "excluded_lines": 0, "percent_statements_covered": 100.0, "percent_statements_covered_display": "100"}, "missing_lines": [], "excluded_lines": []}, "get_attrs_reduce": {"executed_lines": [273, 282], "summary": {"covered_lines": 2, "num_statements": 2, "percent_covered": 100.0, "percent_covered_display": "100", "missing_lines": 0, "excluded_lines": 0, "percent_statements_covered": 100.0, "percent_statements_covered_display": "100"}, "missing_lines": [], "excluded_lines": []}, "get_attrs_reduce.extractor": {"executed_lines": [274, 275, 276, 280], "summary": {"covered_lines": 4, "num_statements": 4, "percent_covered": 100.0, "percent_covered_display": "100", "missing_lines": 0, "excluded_lines": 0, "percent_statements_covered": 100.0, "percent_statements_covered_display": "100"}, "missing_lines": [], "excluded_lines": []}, "get_attrs_reshape": {"executed_lines": [287, 288, 289, 290], "summary": {"covered_lines": 4, "num_statements": 4, "percent_covered": 100.0, "percent_covered_display": "100", "missing_lines": 0, "excluded_lines": 0, "percent_statements_covered": 100.0, "percent_statements_covered_display": "100"}, "missing_lines": [], "excluded_lines": []}, "get_attrs_resize": {"executed_lines": [295], "summary": {"covered_lines": 1, "num_statements": 1, "percent_covered": 100.0, "percent_covered_display": "100", "missing_lines": 0, "excluded_lines": 0, "percent_statements_covered": 100.0, "percent_statements_covered_display": "100"}, "missing_lines": [], "excluded_lines": []}, "get_attrs_scatter": {"executed_lines": [313], "summary": {"covered_lines": 1, "num_statements": 1, "percent_covered": 100.0, "percent_covered_display": "100", "missing_lines": 0, "excluded_lines": 0, "percent_statements_covered": 100.0, "percent_statements_covered_display": "100"}, "missing_lines": [], "excluded_lines": []}, "get_attrs_scatterelement": {"executed_lines": [320, 321, 322, 323], "summary": {"covered_lines": 4, "num_statements": 4, "percent_covered": 100.0, "percent_covered_display": "100", "missing_lines": 0, "excluded_lines": 0, "percent_statements_covered": 100.0, "percent_statements_covered_display": "100"}, "missing_lines": [], "excluded_lines": []}, "get_attrs_scatternd": {"executed_lines": [328, 329, 330, 331], "summary": {"covered_lines": 4, "num_statements": 4, "percent_covered": 100.0, "percent_covered_display": "100", "missing_lines": 0, "excluded_lines": 0, "percent_statements_covered": 100.0, "percent_statements_covered_display": "100"}, "missing_lines": [], "excluded_lines": []}, "get_attrs_shape": {"executed_lines": [336, 337, 338, 339, 340, 341], "summary": {"covered_lines": 6, "num_statements": 6, "percent_covered": 100.0, "percent_covered_display": "100", "missing_lines": 0, "excluded_lines": 0, "percent_statements_covered": 100.0, "percent_statements_covered_display": "100"}, "missing_lines": [], "excluded_lines": []}, "get_attrs_transpose": {"executed_lines": [346, 347, 348, 349], "summary": {"covered_lines": 4, "num_statements": 4, "percent_covered": 100.0, "percent_covered_display": "100", "missing_lines": 0, "excluded_lines": 0, "percent_statements_covered": 100.0, "percent_statements_covered_display": "100"}, "missing_lines": [], "excluded_lines": []}, "get_onnx_attrs": {"executed_lines": [394, 395, 396, 397], "summary": {"covered_lines": 4, "num_statements": 4, "percent_covered": 100.0, "percent_covered_display": "100", "missing_lines": 0, "excluded_lines": 0, "percent_statements_covered": 100.0, "percent_statements_covered_display": "100"}, "missing_lines": [], "excluded_lines": []}, "": {"executed_lines": [1, 3, 4, 6, 7, 9, 10, 13, 29, 48, 62, 80, 91, 101, 123, 135, 145, 153, 177, 182, 214, 224, 238, 265, 285, 293, 311, 316, 326, 334, 344, 352, 386], "summary": {"covered_lines": 32, "num_statements": 32, "percent_covered": 100.0, "percent_covered_display": "100", "missing_lines": 0, "excluded_lines": 0, "percent_statements_covered": 100.0, "percent_statements_covered_display": "100"}, "missing_lines": [], "excluded_lines": []}}, "classes": {"": {"executed_lines": [1, 3, 4, 6, 7, 9, 10, 13, 29, 37, 38, 39, 40, 44, 45, 48, 54, 55, 56, 57, 62, 70, 71, 72, 73, 74, 75, 76, 77, 80, 87, 88, 91, 93, 94, 95, 98, 101, 103, 115, 116, 117, 118, 119, 120, 123, 125, 126, 127, 130, 131, 132, 135, 137, 138, 139, 140, 141, 142, 145, 147, 148, 149, 150, 153, 155, 166, 168, 169, 170, 172, 173, 174, 177, 179, 182, 186, 199, 200, 201, 203, 204, 205, 207, 208, 209, 210, 211, 214, 218, 219, 220, 221, 224, 232, 233, 235, 238, 240, 252, 253, 254, 255, 256, 257, 258, 260, 261, 262, 265, 273, 274, 275, 276, 280, 282, 285, 287, 288, 289, 290, 293, 295, 311, 313, 316, 320, 321, 322, 323, 326, 328, 329, 330, 331, 334, 336, 337, 338, 339, 340, 341, 344, 346, 347, 348, 349, 352, 386, 394, 395, 396, 397], "summary": {"covered_lines": 152, "num_statements": 153, "percent_covered": 99.34640522875817, "percent_covered_display": "99", "missing_lines": 1, "excluded_lines": 0, "percent_statements_covered": 99.34640522875817, "percent_statements_covered_display": "99"}, "missing_lines": [41], "excluded_lines": []}}}, "src/slimonnx/optimize_onnx/_optimize.py": {"executed_lines": [1, 3, 4, 6, 7, 8, 10, 14, 19, 20, 21, 22, 23, 26, 27, 28, 29, 30, 31, 32, 33, 34, 42, 53, 54, 57, 59, 60, 62, 63, 66, 67, 69, 75, 78, 93, 94, 97, 99, 100, 101, 103, 104, 106, 112, 113, 115, 116, 117, 119, 122, 133, 134, 135, 136, 138, 140, 145, 147, 150, 153, 204, 206, 209, 210, 211, 213, 214, 217, 218, 219, 220, 222, 223, 224, 227, 239, 255, 267, 268, 269, 270, 271, 274, 285], "summary": {"covered_lines": 84, "num_statements": 93, "percent_covered": 90.3225806451613, "percent_covered_display": "90", "missing_lines": 9, "excluded_lines": 0, "percent_statements_covered": 90.3225806451613, "percent_statements_covered_display": "90"}, "missing_lines": [70, 73, 102, 107, 110, 139, 141, 146, 148], "excluded_lines": [], "functions": {"_apply_shape_based_optimizations": {"executed_lines": [53, 54, 57, 59, 60, 62, 63, 66, 67, 69, 75], "summary": {"covered_lines": 11, "num_statements": 13, "percent_covered": 84.61538461538461, "percent_covered_display": "85", "missing_lines": 2, "excluded_lines": 0, "percent_statements_covered": 84.61538461538461, "percent_statements_covered_display": "85"}, "missing_lines": [70, 73], "excluded_lines": []}, "_apply_gemm_bn_fusions": {"executed_lines": [93, 94, 97, 99, 100, 101, 103, 104, 106, 112, 113, 115, 116, 117, 119], "summary": {"covered_lines": 15, "num_statements": 18, "percent_covered": 83.33333333333333, "percent_covered_display": "83", "missing_lines": 3, "excluded_lines": 0, "percent_statements_covered": 83.33333333333333, "percent_statements_covered_display": "83"}, "missing_lines": [102, 107, 110], "excluded_lines": []}, "_apply_conv_fusions": {"executed_lines": [133, 134, 135, 136, 138, 140, 145, 147, 150], "summary": {"covered_lines": 9, "num_statements": 13, "percent_covered": 69.23076923076923, "percent_covered_display": "69", "missing_lines": 4, "excluded_lines": 0, "percent_statements_covered": 69.23076923076923, "percent_statements_covered_display": "69"}, "missing_lines": [139, 141, 146, 148], "excluded_lines": []}, "optimize_onnx": {"executed_lines": [204, 206, 209, 210, 211, 213, 214, 217, 218, 219, 220, 222, 223, 224, 227, 239, 255, 267, 268, 269, 270, 271, 274, 285], "summary": {"covered_lines": 24, "num_statements": 24, "percent_covered": 100.0, "percent_covered_display": "100", "missing_lines": 0, "excluded_lines": 0, "percent_statements_covered": 100.0, "percent_statements_covered_display": "100"}, "missing_lines": [], "excluded_lines": []}, "": {"executed_lines": [1, 3, 4, 6, 7, 8, 10, 14, 19, 20, 21, 22, 23, 26, 27, 28, 29, 30, 31, 32, 33, 34, 42, 78, 122, 153], "summary": {"covered_lines": 25, "num_statements": 25, "percent_covered": 100.0, "percent_covered_display": "100", "missing_lines": 0, "excluded_lines": 0, "percent_statements_covered": 100.0, "percent_statements_covered_display": "100"}, "missing_lines": [], "excluded_lines": []}}, "classes": {"": {"executed_lines": [1, 3, 4, 6, 7, 8, 10, 14, 19, 20, 21, 22, 23, 26, 27, 28, 29, 30, 31, 32, 33, 34, 42, 53, 54, 57, 59, 60, 62, 63, 66, 67, 69, 75, 78, 93, 94, 97, 99, 100, 101, 103, 104, 106, 112, 113, 115, 116, 117, 119, 122, 133, 134, 135, 136, 138, 140, 145, 147, 150, 153, 204, 206, 209, 210, 211, 213, 214, 217, 218, 219, 220, 222, 223, 224, 227, 239, 255, 267, 268, 269, 270, 271, 274, 285], "summary": {"covered_lines": 84, "num_statements": 93, "percent_covered": 90.3225806451613, "percent_covered_display": "90", "missing_lines": 9, "excluded_lines": 0, "percent_statements_covered": 90.3225806451613, "percent_statements_covered_display": "90"}, "missing_lines": [70, 73, 102, 107, 110, 139, 141, 146, 148], "excluded_lines": []}}}, "src/slimonnx/optimize_onnx/_ordering.py": {"executed_lines": [1, 2, 4, 6, 9, 10, 13, 14, 16, 20, 21, 22, 23, 24, 26, 27, 28, 29, 32, 33, 35, 41], "summary": {"covered_lines": 22, "num_statements": 23, "percent_covered": 95.65217391304348, "percent_covered_display": "96", "missing_lines": 1, "excluded_lines": 0, "percent_statements_covered": 95.65217391304348, "percent_statements_covered_display": "96"}, "missing_lines": [36], "excluded_lines": [], "functions": {"_reorder_by_strict_topological_order": {"executed_lines": [10, 13, 14, 16, 26, 27, 28, 29, 32, 33, 35, 41], "summary": {"covered_lines": 12, "num_statements": 13, "percent_covered": 92.3076923076923, "percent_covered_display": "92", "missing_lines": 1, "excluded_lines": 0, "percent_statements_covered": 92.3076923076923, "percent_statements_covered_display": "92"}, "missing_lines": [36], "excluded_lines": []}, "_reorder_by_strict_topological_order._topological_sort": {"executed_lines": [20, 21, 22, 23, 24], "summary": {"covered_lines": 5, "num_statements": 5, "percent_covered": 100.0, "percent_covered_display": "100", "missing_lines": 0, "excluded_lines": 0, "percent_statements_covered": 100.0, "percent_statements_covered_display": "100"}, "missing_lines": [],
[...]
338, 358, 360, 368, 370, 375, 376, 378, 385, 392, 393, 395, 397, 399, 414, 416, 424, 426, 431, 432, 434, 441, 448, 449, 451, 453, 455, 468, 470, 472], "summary": {"covered_lines": 114, "num_statements": 115, "percent_covered": 99.1304347826087, "percent_covered_display": "99", "missing_lines": 1, "excluded_lines": 0, "percent_statements_covered": 99.1304347826087, "percent_statements_covered_display": "99"}, "missing_lines": [272], "excluded_lines": [], "functions": {"SlimONNX.slim": {"executed_lines": [50, 51, 53, 56, 65, 89, 92, 93, 94, 95, 96, 99, 100, 101, 103, 104, 111, 112, 113, 114, 115, 119, 129], "summary": {"covered_lines": 23, "num_statements": 23, "percent_covered": 100.0, "percent_covered_display": "100", "missing_lines": 0, "excluded_lines": 0, "percent_statements_covered": 100.0, "percent_statements_covered_display": "100"}, "missing_lines": [], "excluded_lines": []}, "SlimONNX.analyze": {"executed_lines": [150, 151, 154, 162, 163, 166, 168, 173, 174, 176, 183, 184, 191, 192, 193, 196, 198, 201, 203, 206, 208, 211, 212, 215, 233, 234, 236, 237, 240, 241, 243, 244, 246], "summary": {"covered_lines": 33, "num_statements": 33, "percent_covered": 100.0, "percent_covered_display": "100", "missing_lines": 0, "excluded_lines": 0, "percent_statements_covered": 100.0, "percent_statements_covered_display": "100"}, "missing_lines": [], "excluded_lines": []}, "SlimONNX.compare": {"executed_lines": [262, 263, 266, 267, 268, 269, 270, 271, 279, 280, 281, 282, 285], "summary": {"covered_lines": 13, "num_statements": 14, "percent_covered": 92.85714285714286, "percent_covered_display": "93", "missing_lines": 1, "excluded_lines": 0, "percent_statements_covered": 92.85714285714286, "percent_statements_covered_display": "93"}, "missing_lines": [272], "excluded_lines": []}, "SlimONNX.preprocess": {"executed_lines": [327, 329], "summary": {"covered_lines": 2, "num_statements": 2, "percent_covered": 100.0, "percent_covered_display": "100", "missing_lines": 0, "excluded_lines": 0, "percent_statements_covered": 100.0, "percent_statements_covered_display": "100"}, "missing_lines": [], "excluded_lines": []}, "SlimONNX.validate": {"executed_lines": [358, 360, 368, 370, 375, 376, 378, 385, 392, 393, 395, 397], "summary": {"covered_lines": 12, "num_statements": 12, "percent_covered": 100.0, "percent_covered_display": "100", "missing_lines": 0, "excluded_lines": 0, "percent_statements_covered": 100.0, "percent_statements_covered_display": "100"}, "missing_lines": [], "excluded_lines": []}, "SlimONNX.detect_patterns": {"executed_lines": [414, 416, 424, 426, 431, 432, 434, 441, 448, 449, 451, 453], "summary": {"covered_lines": 12, "num_statements": 12, "percent_covered": 100.0, "percent_covered_display": "100", "missing_lines": 0, "excluded_lines": 0, "percent_statements_covered": 100.0, "percent_statements_covered_display": "100"}, "missing_lines": [], "excluded_lines": []}, "SlimONNX.validate_outputs": {"executed_lines": [468, 470, 472], "summary": {"covered_lines": 3, "num_statements": 3, "percent_covered": 100.0, "percent_covered_display": "100", "missing_lines": 0, "excluded_lines": 0, "percent_statements_covered": 100.0, "percent_statements_covered_display": "100"}, "missing_lines": [], "excluded_lines": []}, "": {"executed_lines": [1, 3, 4, 6, 7, 8, 10, 12, 13, 16, 17, 27, 131, 248, 299, 338, 399, 455], "summary": {"covered_lines": 16, "num_statements": 16, "percent_covered": 100.0, "percent_covered_display": "100", "missing_lines": 0, "excluded_lines": 0, "percent_statements_covered": 100.0, "percent_statements_covered_display": "100"}, "missing_lines": [], "excluded_lines": []}}, "classes": {"SlimONNX": {"executed_lines": [50, 51, 53, 56, 65, 89, 92, 93, 94, 95, 96, 99, 100, 101, 103, 104, 111, 112, 113, 114, 115, 119, 129, 150, 151, 154, 162, 163, 166, 168, 173, 174, 176, 183, 184, 191, 192, 193, 196, 198, 201, 203, 206, 208, 211, 212, 215, 233, 234, 236, 237, 240, 241, 243, 244, 246, 262, 263, 266, 267, 268, 269, 270, 271, 279, 280, 281, 282, 285, 327, 329, 358, 360, 368, 370, 375, 376, 378, 385, 392, 393, 395, 397, 414, 416, 424, 426, 431, 432, 434, 441, 448, 449, 451, 453, 468, 470, 472], "summary": {"covered_lines": 98, "num_statements": 99, "percent_covered": 98.98989898989899, "percent_covered_display": "99", "missing_lines": 1, "excluded_lines": 0, "percent_statements_covered": 98.98989898989899, "percent_statements_covered_display": "99"}, "missing_lines": [272], "excluded_lines": []}, "": {"executed_lines": [1, 3, 4, 6, 7, 8, 10, 12, 13, 16, 17, 27, 131, 248, 299, 338, 399, 455], "summary": {"covered_lines": 16, "num_statements": 16, "percent_covered": 100.0, "percent_covered_display": "100", "missing_lines": 0, "excluded_lines": 0, "percent_statements_covered": 100.0, "percent_statements_covered_display": "100"}, "missing_lines": [], "excluded_lines": []}}}, "src/slimonnx/structure_analysis/__init__.py": {"executed_lines": [1, 3, 4, 15, 16, 17, 19, 20, 21, 23, 24, 25, 27, 28], "summary": {"covered_lines": 13, "num_statements": 13, "percent_covered": 100.0, "percent_covered_display": "100", "missing_lines": 0, "excluded_lines": 0, "percent_statements_covered": 100.0, "percent_statements_covered_display": "100"}, "missing_lines": [], "excluded_lines": [], "functions": {"": {"executed_lines": [1, 3, 4, 15, 16, 17, 19, 20, 21, 23, 24, 25, 27, 28], "summary": {"covered_lines": 13, "num_statements": 13, "percent_covered": 100.0, "percent_covered_display": "100", "missing_lines": 0, "excluded_lines": 0, "percent_statements_covered": 100.0, "percent_statements_covered_display": "100"}, "missing_lines": [], "excluded_lines": []}}, "classes": {"": {"executed_lines": [1, 3, 4, 15, 16, 17, 19, 20, 21, 23, 24, 25, 27, 28], "summary": {"covered_lines": 13, "num_statements": 13, "percent_covered": 100.0, "percent_covered_display": "100", "missing_lines": 0, "excluded_lines": 0, "percent_statements_covered": 100.0, "percent_statements_covered_display": "100"}, "missing_lines": [], "excluded_lines": []}}}, "src/slimonnx/structure_analysis/analyzer.py": {"executed_lines": [1, 3, 4, 6, 8, 11, 17, 20, 26, 27, 28, 31, 39, 40, 41, 44, 52, 60, 70, 71, 72, 74, 76, 78], "summary": {"covered_lines": 23, "num_statements": 23, "percent_covered": 100.0, "percent_covered_display": "100", "missing_lines": 0, "excluded_lines": 0, "percent_statements_covered": 100.0, "percent_statements_covered_display": "100"}, "missing_lines": [], "excluded_lines": [], "functions": {"count_op_types": {"executed_lines": [17], "summary": {"covered_lines": 1, "num_statements": 1, "percent_covered": 100.0, "percent_covered_display": "100", "missing_lines": 0, "excluded_lines": 0, "percent_statements_covered": 100.0, "percent_statements_covered_display": "100"}, "missing_lines": [], "excluded_lines": []}, "analyze_inputs_outputs": {"executed_lines": [26, 27, 28, 31, 39, 40, 41, 44, 52], "summary": {"covered_lines": 9, "num_statements": 9, "percent_covered": 100.0, "percent_covered_display": "100", "missing_lines": 0, "excluded_lines": 0, "percent_statements_covered": 100.0, "percent_statements_covered_display": "100"}, "missing_lines": [], "excluded_lines": []}, "analyze_structure": {"executed_lines": [70, 71, 72, 74, 76, 78], "summary": {"covered_lines": 6, "num_statements": 6, "percent_covered": 100.0, "percent_covered_display": "100", "missing_lines": 0, "excluded_lines": 0, "percent_statements_covered": 100.0, "percent_statements_covered_display": "100"}, "missing_lines": [], "excluded_lines": []}, "": {"executed_lines": [1, 3, 4, 6, 8, 11, 20, 60], "summary": {"covered_lines": 7, "num_statements": 7, "percent_covered": 100.0, "percent_covered_display": "100", "missing_lines": 0, "excluded_lines": 0, "percent_statements_covered": 100.0, "percent_statements_covered_display": "100"}, "missing_lines": [], "excluded_lines": []}}, "classes": {"": {"executed_lines": [1, 3, 4, 6, 8, 11, 17, 20, 26, 27, 28, 31, 39, 40, 41, 44, 52, 60, 70, 71, 72, 74, 76, 78], "summary": {"covered_lines": 23, "num_statements": 23, "percent_covered": 100.0, "percent_covered_display": "100", "missing_lines": 0, "excluded_lines": 0, "percent_statements_covered": 100.0, "percent_statements_covered_display": "100"}, "missing_lines": [], "excluded_lines": []}}}, "src/slimonnx/structure_analysis/reporter.py": {"executed_lines": [1, 3, 4, 6, 7, 9, 12, 22, 23, 24, 27, 28, 29, 30, 31, 33, 36, 37, 38, 39, 40, 42, 44, 45, 47, 50, 56, 57, 58, 59, 62, 63, 66, 67, 68, 69, 70, 71, 72, 74, 75, 76, 77, 80, 81, 82, 83, 84, 85, 86, 87, 88, 90, 91, 94, 95, 96, 97, 98, 99, 102, 103, 104, 105, 106, 107, 109, 110, 113, 122, 123], "summary": {"covered_lines": 70, "num_statements": 70, "percent_covered": 100.0, "percent_covered_display": "100", "missing_lines": 0, "excluded_lines": 0, "percent_statements_covered": 100.0, "percent_statements_covered_display": "100"}, "missing_lines": [], "excluded_lines": [], "functions": {"print_node_graph": {"executed_lines": [22, 23, 24, 27, 28, 29, 30, 31, 33, 36, 37, 38, 39, 40, 42, 44, 45, 47], "summary": {"covered_lines": 18, "num_statements": 18, "percent_covered": 100.0, "percent_covered_display": "100", "missing_lines": 0, "excluded_lines": 0, "percent_statements_covered": 100.0, "percent_statements_covered_display": "100"}, "missing_lines": [], "excluded_lines": []}, "generate_text_report": {"executed_lines": [56, 57, 58, 59, 62, 63, 66, 67, 68, 69, 70, 71, 72, 74, 75, 76, 77, 80, 81, 82, 83, 84, 85, 86, 87, 88, 90, 91, 94, 95, 96, 97, 98, 99, 102, 103, 104, 105, 106, 107, 109, 110], "summary": {"covered_lines": 42, "num_statements": 42, "percent_covered": 100.0, "percent_covered_display": "100", "missing_lines": 0, "excluded_lines": 0, "percent_statements_covered": 100.0, "percent_statements_covered_display": "100"}, "missing_lines": [], "excluded_lines": []}, "generate_json_report": {"executed_lines": [122, 123], "summary": {"covered_lines": 2, "num_statements": 2, "percent_covered": 100.0, "percent_covered_display": "100", "missing_lines": 0, "excluded_lines": 0, "percent_statements_covered": 100.0, "percent_statements_covered_display": "100"}, "missing_lines": [], "excluded_lines": []}, "": {"executed_lines": [1, 3, 4, 6, 7, 9, 12, 50, 113], "summary": {"covered_lines": 8, "num_statements": 8, "percent_covered": 100.0, "percent_covered_display": "100", "missing_lines": 0, "excluded_lines": 0, "percent_statements_covered": 100.0, "percent_statements_covered_display": "100"}, "missing_lines": [], "excluded_lines": []}}, "classes": {"": {"executed_lines": [1, 3, 4, 6, 7, 9, 12, 22, 23, 24, 27, 28, 29, 30, 31, 33, 36, 37, 38, 39, 40, 42, 44, 45, 47, 50, 56, 57, 58, 59, 62, 63, 66, 67, 68, 69, 70, 71, 72, 74, 75, 76, 77, 80, 81, 82, 83, 84, 85, 86, 87, 88, 90, 91, 94, 95, 96, 97, 98, 99, 102, 103, 104, 105, 106, 107, 109, 110, 113, 122, 123], "summary": {"covered_lines": 70, "num_statements": 70, "percent_covered": 100.0, "percent_covered_display": "100", "missing_lines": 0, "excluded_lines": 0, "percent_statements_covered": 100.0, "percent_statements_covered_display": "100"}, "missing_lines": [], "excluded_lines": []}}}, "src/slimonnx/structure_analysis/topology.py": {"executed_lines": [1, 3, 4, 6, 7, 8, 10, 13, 20, 21, 22, 23, 26, 27, 28, 30, 32, 40, 41, 47, 49, 52, 64, 65, 66, 67, 75, 76, 77, 78, 79, 80, 81, 83, 86, 87, 88, 89, 90, 92, 104, 112, 113], "summary": {"covered_lines": 42, "num_statements": 42, "percent_covered": 100.0, "percent_covered_display": "100", "missing_lines": 0, "excluded_lines": 0, "percent_statements_covered": 100.0, "percent_statements_covered_display": "100"}, "missing_lines": [], "excluded_lines": [], "functions": {"build_topology": {"executed_lines": [20, 21, 22, 23, 26, 27, 28, 30, 32, 40, 41, 47, 49], "summary": {"covered_lines": 13, "num_statements": 13, "percent_covered": 100.0, "percent_covered_display": "100", "missing_lines": 0, "excluded_lines": 0, "percent_statements_covered": 100.0, "percent_statements_covered_display": "100"}, "missing_lines": [], "excluded_lines": []}, "export_topology_json": {"executed_lines": [64, 65, 66, 67, 75, 76, 77, 78, 79, 80, 81, 83, 86, 87, 88, 89, 90, 92, 104, 112, 113], "summary": {"covered_lines": 21, "num_statements": 21, "percent_covered": 100.0, "percent_covered_display": "100", "missing_lines": 0, "excluded_lines": 0, "percent_statements_covered": 100.0, "percent_statements_covered_display": "100"}, "missing_lines": [], "excluded_lines": []}, "": {"executed_lines": [1, 3, 4, 6, 7, 8, 10, 13, 52], "summary": {"covered_lines": 8, "num_statements": 8, "percent_covered": 100.0, "percent_covered_display": "100", "missing_lines": 0, "excluded_lines": 0, "percent_statements_covered": 100.0, "percent_statements_covered_display": "100"}, "missing_lines": [], "excluded_lines": []}}, "classes": {"": {"executed_lines": [1, 3, 4, 6, 7, 8, 10, 13, 20, 21, 22, 23, 26, 27, 28, 30, 32, 40, 41, 47, 49, 52, 64, 65, 66, 67, 75, 76, 77, 78, 79, 80, 81, 83, 86, 87, 88, 89, 90, 92, 104, 112, 113], "summary": {"covered_lines": 42, "num_statements": 42, "percent_covered": 100.0, "percent_covered_display": "100", "missing_lines": 0, "excluded_lines": 0, "percent_statements_covered": 100.0, "percent_statements_covered_display": "100"}, "missing_lines": [], "excluded_lines": []}}}, "src/slimonnx/utils.py": {"executed_lines": [1, 3, 4, 19, 20, 21, 23, 39, 45, 46, 47, 50, 52, 53, 56, 57, 58, 59, 63, 64, 66, 69, 83, 84, 85, 86, 87, 92, 94, 97, 104, 105, 106, 107, 112, 114, 117, 123, 126, 138, 139, 140, 142, 143, 144, 145, 146, 147, 150, 167, 170, 171, 174, 175, 177, 180, 186, 187, 188, 189, 190, 193, 194, 195, 197, 198, 199, 200, 201, 203, 206, 216, 217, 219, 220, 221, 223, 224, 228, 234, 243, 244, 247, 248, 250, 252, 254, 256, 259, 267, 269, 270, 272, 273, 274, 275, 276, 278, 279, 280, 281, 282, 283, 284, 285, 286, 287, 288, 290, 293, 307, 310, 311, 313, 314, 315, 316, 317, 323, 324, 330, 333, 334, 335, 338, 339, 348, 351, 352, 353, 364], "summary": {"covered_lines": 130, "num_statements": 131, "percent_covered": 99.23664122137404, "percent_covered_display": "99", "missing_lines": 1, "excluded_lines": 0, "percent_statements_covered": 99.23664122137404, "percent_statements_covered_display": "99"}, "missing_lines": [225], "excluded_lines": [], "functions": {"clear_onnx_docstring": {"executed_lines": [45, 46, 47], "summary": {"covered_lines": 3, "num_statements": 3, "percent_covered": 100.0, "percent_covered_display": "100", "missing_lines": 0, "excluded_lines": 0, "percent_statements_covered": 100.0, "percent_statements_covered_display": "100"}, "missing_lines": [], "excluded_lines": []}, "reformat_io_shape": {"executed_lines": [52, 53, 56, 57, 58, 59, 63, 64, 66], "summary": {"covered_lines": 9, "num_statements": 9, "percent_covered": 100.0, "percent_covered_display": "100", "missing_lines": 0, "excluded_lines": 0, "percent_statements_covered": 100.0, "percent_statements_covered_display": "100"}, "missing_lines": [], "excluded_lines": []}, "get_input_nodes": {"executed_lines": [83, 84, 85, 86, 87, 92, 94], "summary": {"covered_lines": 7, "num_statements": 7, "percent_covered": 100.0, "percent_covered_display": "100", "missing_lines": 0, "excluded_lines": 0, "percent_statements_covered": 100.0, "percent_statements_covered_display": "100"}, "missing_lines": [], "excluded_lines": []}, "get_output_nodes": {"executed_lines": [104, 105, 106, 107, 112, 114], "summary": {"covered_lines": 6, "num_statements": 6, "percent_covered": 100.0, "percent_covered_display": "100", "missing_lines": 0, "excluded_lines": 0, "percent_statements_covered": 100.0, "percent_statements_covered_display": "100"}, "missing_lines": [], "excluded_lines": []}, "get_initializers": {"executed_lines": [123], "summary": {"covered_lines": 1, "num_statements": 1, "percent_covered": 100.0, "percent_covered_display": "100", "missing_lines": 0, "excluded_lines": 0, "percent_statements_covered": 100.0, "percent_statements_covered_display": "100"}, "missing_lines": [], "excluded_lines": []}, "convert_constant_to_initializer": {"executed_lines": [138, 139, 140, 142, 143, 144, 145, 146, 147], "summary": {"covered_lines": 9, "num_statements": 9, "percent_covered": 100.0, "percent_covered_display": "100", "missing_lines": 0, "excluded_lines": 0, "percent_statements_covered": 100.0, "percent_statements_covered_display": "100"}, "missing_lines": [], "excluded_lines": []}, "extract_nodes": {"executed_lines": [167, 170, 171, 174, 175, 177], "summary": {"covered_lines": 6, "num_statements": 6, "percent_covered": 100.0, "percent_covered_display": "100", "missing_lines": 0, "excluded_lines": 0, "percent_statements_covered": 100.0, "percent_statements_covered_display": "100"}, "missing_lines": [], "excluded_lines": []}, "get_next_nodes_mapping": {"executed_lines": [186, 187, 188, 189, 190, 193, 194, 195, 197, 198, 199, 200, 201, 203], "summary": {"covered_lines": 14, "num_statements": 14, "percent_covered": 100.0, "percent_covered_display": "100", "missing_lines": 0, "excluded_lines": 0, "percent_statements_covered": 100.0, "percent_statements_covered_display": "100"}, "missing_lines": [], "excluded_lines": []}, "generate_random_inputs": {"executed_lines": [216, 217, 219, 220, 221, 223, 224, 228, 234, 243, 244, 247, 248, 250, 252, 254, 256], "summary": {"covered_lines": 17, "num_statements": 18, "percent_covered": 94.44444444444444, "percent_covered_display": "94", "missing_lines": 1, "excluded_lines": 0, "percent_statements_covered": 94.44444444444444, "percent_statements_covered_display": "94"}, "missing_lines": [225], "excluded_lines": []}, "load_test_data_from_file": {"executed_lines": [267, 269, 270, 272, 273, 274, 275, 276, 278, 279, 280, 281, 282, 283, 284, 285, 286, 287, 288, 290], "summary": {"covered_lines": 20, "num_statements": 20, "percent_covered": 100.0, "percent_covered_display": "100", "missing_lines": 0, "excluded_lines": 0, "percent_statements_covered": 100.0, "percent_statements_covered_display": "100"}, "missing_lines": [], "excluded_lines": []}, "compare_outputs": {"executed_lines": [307, 310, 311, 313, 314, 315, 316, 317, 323, 324, 330, 333, 334, 335, 338, 339, 348, 351, 352, 353, 364], "summary": {"covered_lines": 21, "num_statements": 21, "percent_covered": 100.0, "percent_covered_display": "100", "missing_lines": 0, "excluded_lines": 0, "percent_statements_covered": 100.0, "percent_statements_covered_display": "100"}, "missing_lines": [], "excluded_lines": []}, "": {"executed_lines": [1, 3, 4, 19, 20, 21, 23, 39, 50, 69, 97, 117, 126, 150, 180, 206, 259, 293], "summary": {"covered_lines": 17, "num_statements": 17, "percent_covered": 100.0, "percent_covered_display": "100", "missing_lines": 0, "excluded_lines": 0, "percent_statements_covered": 100.0, "percent_statements_covered_display": "100"}, "missing_lines": [], "excluded_lines": []}}, "classes": {"": {"executed_lines": [1, 3, 4, 19, 20, 21, 23, 39, 45, 46, 47, 50, 52, 53, 56, 57, 58, 59, 63, 64, 66, 69, 83, 84, 85, 86, 87, 92, 94, 97, 104, 105, 106, 107, 112, 114, 117, 123, 126, 138, 139, 140, 142, 143, 144, 145, 146, 147, 150, 167, 170, 171, 174, 175, 177, 180, 186, 187, 188, 189, 190, 193, 194, 195, 197, 198, 199, 200, 201, 203, 206, 216, 217, 219, 220, 221, 223, 224, 228, 234, 243, 244, 247, 248, 250, 252, 254, 256, 259, 267, 269, 270, 272, 273, 274, 275, 276, 278, 279, 280, 281, 282, 283, 284, 285, 286, 287, 288, 290, 293, 307, 310, 311, 313, 314, 315, 316, 317, 323, 324, 330, 333, 334, 335, 338, 339, 348, 351, 352, 353, 364], "summary": {"covered_lines": 130, "num_statements": 131, "percent_covered": 99.23664122137404, "percent_covered_display": "99", "missing_lines": 1, "excluded_lines": 0, "percent_statements_covered": 99.23664122137404, "percent_statements_covered_display": "99"}, "missing_lines": [225], "excluded_lines": []}}}}, "totals": {"covered_lines": 2641, "num_statements": 2800, "percent_covered": 94.32142857142857, "percent_covered_display": "94", "missing_lines": 159, "excluded_lines": 0, "percent_statements_covered": 94.32142857142857, "percent_statements_covered_display": "94"}}
